#
# There is insufficient memory for the Java Runtime Environment to continue.
# Native memory allocation (mmap) failed to map 65536 bytes for Failed to commit metaspace.
# Possible reasons:
#   The system is out of physical RAM or swap space
#   The process is running with CompressedOops enabled, and the Java Heap may be blocking the growth of the native heap
# Possible solutions:
#   Reduce memory load on the system
#   Increase physical memory or swap space
#   Check if swap backing store is full
#   Decrease Java heap size (-Xmx/-Xms)
#   Decrease number of Java threads
#   Decrease Java thread stack sizes (-Xss)
#   Set larger code cache with -XX:ReservedCodeCacheSize=
#   JVM is running with Zero Based Compressed Oops mode in which the Java heap is
#     placed in the first 32GB address space. The Java Heap base address is the
#     maximum limit for the native heap growth. Please use -XX:HeapBaseMinAddress
#     to set the Java Heap base and to place the Java Heap above 32GB virtual address.
# This output file may be truncated or incomplete.
#
#  Out of Memory Error (virtualSpaceNode.cpp:110), pid=17400, tid=19620
#
# JRE version: OpenJDK Runtime Environment Temurin-17.0.8+7 (17.0.8+7) (build 17.0.8+7)
# Java VM: OpenJDK 64-Bit Server VM Temurin-17.0.8+7 (17.0.8+7, mixed mode, tiered, compressed oops, compressed class ptrs, g1 gc, windows-amd64)
# No core dump will be written. Minidumps are not enabled by default on client versions of Windows
#

---------------  S U M M A R Y ------------

Command Line: -Dfile.encoding=UTF-8 --module-path=C:\Users\Kishore Naidu\eclipse-workspace\first\bin -XX:+ShowCodeDetailsInExceptionMessages -Djdk.module.main=first first/first.ram

Host: AMD Ryzen 7 4800H with Radeon Graphics         , 16 cores, 15G,  Windows 11 , 64 bit Build 22621 (10.0.22621.2070)
Time: Sat Aug 19 10:24:40 2023 India Standard Time elapsed time: 1.537609 seconds (0d 0h 0m 1s)

---------------  T H R E A D  ---------------

Current thread (0x000001eef49f1a60):  JavaThread "main" [_thread_in_vm, id=19620, stack(0x000000ba59200000,0x000000ba59300000)]

Stack: [0x000000ba59200000,0x000000ba59300000]
Native frames: (J=compiled Java code, j=interpreted, Vv=VM code, C=native code)
V  [jvm.dll+0x678b0a]
V  [jvm.dll+0x835e84]
V  [jvm.dll+0x83762e]
V  [jvm.dll+0x837c93]
V  [jvm.dll+0x24746f]
V  [jvm.dll+0x831f1b]
V  [jvm.dll+0x61d3c6]
V  [jvm.dll+0x61d42a]
V  [jvm.dll+0x61fc5a]
V  [jvm.dll+0x61dd66]
V  [jvm.dll+0x23ce06]
V  [jvm.dll+0x1ec2ed]
V  [jvm.dll+0x1e1d21]
V  [jvm.dll+0x53fba0]
V  [jvm.dll+0x1f2607]
V  [jvm.dll+0x7b06ab]
V  [jvm.dll+0x7b1a52]
V  [jvm.dll+0x7b1d88]
V  [jvm.dll+0x40e129]
V  [jvm.dll+0x3d8c45]
C  [nio.dll+0x700e]

Java frames: (J=compiled Java code, j=interpreted, Vv=VM code)
j  sun.nio.fs.WindowsNativeDispatcher.initIDs()V+0 java.base@17.0.8
j  sun.nio.fs.WindowsNativeDispatcher.<clinit>()V+16 java.base@17.0.8
v  ~StubRoutines::call_stub
j  sun.nio.fs.WindowsFileAttributes.get(Lsun/nio/fs/WindowsPath;Z)Lsun/nio/fs/WindowsFileAttributes;+26 java.base@17.0.8
j  sun.nio.fs.WindowsFileAttributeViews$Basic.readAttributes()Lsun/nio/fs/WindowsFileAttributes;+15 java.base@17.0.8
j  sun.nio.fs.WindowsFileAttributeViews$Basic.readAttributes()Ljava/nio/file/attribute/BasicFileAttributes;+1 java.base@17.0.8
j  sun.nio.fs.WindowsFileSystemProvider.readAttributes(Ljava/nio/file/Path;Ljava/lang/Class;[Ljava/nio/file/LinkOption;)Ljava/nio/file/attribute/BasicFileAttributes;+57 java.base@17.0.8
j  java.nio.file.Files.readAttributes(Ljava/nio/file/Path;Ljava/lang/Class;[Ljava/nio/file/LinkOption;)Ljava/nio/file/attribute/BasicFileAttributes;+7 java.base@17.0.8
j  jdk.internal.module.ModulePath.scan(Ljava/nio/file/Path;)Ljava/util/Map;+7 java.base@17.0.8
j  jdk.internal.module.ModulePath.scanNextEntry()V+23 java.base@17.0.8
j  jdk.internal.module.ModulePath.find(Ljava/lang/String;)Ljava/util/Optional;+36 java.base@17.0.8
j  java.lang.module.ModuleFinder$2.lambda$find$0(Ljava/lang/String;Ljava/lang/module/ModuleFinder;)Ljava/util/Optional;+2 java.base@17.0.8
j  java.lang.module.ModuleFinder$2$$Lambda$1+0x0000000800035210.apply(Ljava/lang/Object;)Ljava/lang/Object;+8 java.base@17.0.8
j  java.util.stream.ReferencePipeline$3$1.accept(Ljava/lang/Object;)V+12 java.base@17.0.8
j  java.util.AbstractList$RandomAccessSpliterator.tryAdvance(Ljava/util/function/Consumer;)Z+43 java.base@17.0.8
j  java.util.stream.ReferencePipeline.forEachWithCancel(Ljava/util/Spliterator;Ljava/util/stream/Sink;)Z+13 java.base@17.0.8
j  java.util.stream.AbstractPipeline.copyIntoWithCancel(Ljava/util/stream/Sink;Ljava/util/Spliterator;)Z+32 java.base@17.0.8
j  java.util.stream.AbstractPipeline.copyInto(Ljava/util/stream/Sink;Ljava/util/Spliterator;)V+49 java.base@17.0.8
j  java.util.stream.AbstractPipeline.wrapAndCopyInto(Ljava/util/stream/Sink;Ljava/util/Spliterator;)Ljava/util/stream/Sink;+13 java.base@17.0.8
j  java.util.stream.FindOps$FindOp.evaluateSequential(Ljava/util/stream/PipelineHelper;Ljava/util/Spliterator;)Ljava/lang/Object;+14 java.base@17.0.8
j  java.util.stream.AbstractPipeline.evaluate(Ljava/util/stream/TerminalOp;)Ljava/lang/Object;+88 java.base@17.0.8
j  java.util.stream.ReferencePipeline.findFirst()Ljava/util/Optional;+5 java.base@17.0.8
j  java.lang.module.ModuleFinder$2.find(Ljava/lang/String;)Ljava/util/Optional;+53 java.base@17.0.8
j  java.lang.module.Resolver.findWithBeforeFinder(Ljava/lang/String;)Ljava/lang/module/ModuleReference;+5 java.base@17.0.8
j  java.lang.module.Resolver.resolve(Ljava/util/Collection;)Ljava/lang/module/Resolver;+38 java.base@17.0.8
j  java.lang.module.Configuration.resolveAndBind(Ljava/lang/module/ModuleFinder;Ljava/util/Collection;Ljava/io/PrintStream;)Ljava/lang/module/Configuration;+29 java.base@17.0.8
j  java.lang.module.ModuleDescriptor$1.resolveAndBind(Ljava/lang/module/ModuleFinder;Ljava/util/Collection;Ljava/io/PrintStream;)Ljava/lang/module/Configuration;+3 java.base@17.0.8
j  jdk.internal.module.Modules.newBootLayerConfiguration(Ljava/lang/module/ModuleFinder;Ljava/util/Collection;Ljava/io/PrintStream;)Ljava/lang/module/Configuration;+6 java.base@17.0.8
j  jdk.internal.module.ModuleBootstrap.boot2()Ljava/lang/ModuleLayer;+896 java.base@17.0.8
j  jdk.internal.module.ModuleBootstrap.boot()Ljava/lang/ModuleLayer;+64 java.base@17.0.8
j  java.lang.System.initPhase2(ZZ)I+0 java.base@17.0.8
v  ~StubRoutines::call_stub

---------------  P R O C E S S  ---------------

Threads class SMR info:
_java_thread_list=0x000001ee981d62d0, length=11, elements={
0x000001eef49f1a60, 0x000001ee98061490, 0x000001ee98062500, 0x000001ee980a6280,
0x000001ee980a6b50, 0x000001ee980a7420, 0x000001ee980a9df0, 0x000001ee980aab90,
0x000001ee98116470, 0x000001ee98117220, 0x000001ee981b7fe0
}

Java Threads: ( => current thread )
=>0x000001eef49f1a60 JavaThread "main" [_thread_in_vm, id=19620, stack(0x000000ba59200000,0x000000ba59300000)]
  0x000001ee98061490 JavaThread "Reference Handler" daemon [_thread_blocked, id=29340, stack(0x000000ba59900000,0x000000ba59a00000)]
  0x000001ee98062500 JavaThread "Finalizer" daemon [_thread_blocked, id=20260, stack(0x000000ba59a00000,0x000000ba59b00000)]
  0x000001ee980a6280 JavaThread "Signal Dispatcher" daemon [_thread_blocked, id=27480, stack(0x000000ba59b00000,0x000000ba59c00000)]
  0x000001ee980a6b50 JavaThread "Attach Listener" daemon [_thread_blocked, id=21536, stack(0x000000ba59c00000,0x000000ba59d00000)]
  0x000001ee980a7420 JavaThread "Service Thread" daemon [_thread_blocked, id=26588, stack(0x000000ba59d00000,0x000000ba59e00000)]
  0x000001ee980a9df0 JavaThread "Monitor Deflation Thread" daemon [_thread_blocked, id=20068, stack(0x000000ba59e00000,0x000000ba59f00000)]
  0x000001ee980aab90 JavaThread "C2 CompilerThread0" daemon [_thread_blocked, id=12784, stack(0x000000ba59f00000,0x000000ba5a000000)]
  0x000001ee98116470 JavaThread "C1 CompilerThread0" daemon [_thread_blocked, id=29588, stack(0x000000ba5a000000,0x000000ba5a100000)]
  0x000001ee98117220 JavaThread "Sweeper thread" daemon [_thread_blocked, id=29592, stack(0x000000ba5a100000,0x000000ba5a200000)]
  0x000001ee981b7fe0 JavaThread "Common-Cleaner" daemon [_thread_blocked, id=30212, stack(0x000000ba5a200000,0x000000ba5a300000)]

Other Threads:
  0x000001ee9805ca00 VMThread "VM Thread" [stack: 0x000000ba59800000,0x000000ba59900000] [id=24408] _threads_hazard_ptr=0x000001ee981d62d0
  0x000001eef4a5e140 GCTaskThread "GC Thread#0" [stack: 0x000000ba59300000,0x000000ba59400000] [id=29240]
  0x000001eef4a6e750 ConcurrentGCThread "G1 Main Marker" [stack: 0x000000ba59400000,0x000000ba59500000] [id=29244]
  0x000001eef4a6f160 ConcurrentGCThread "G1 Conc#0" [stack: 0x000000ba59500000,0x000000ba59600000] [id=29248]
  0x000001ee93b1d360 ConcurrentGCThread "G1 Refine#0" [stack: 0x000000ba59600000,0x000000ba59700000] [id=29296]
  0x000001ee93b1eb40 ConcurrentGCThread "G1 Service" [stack: 0x000000ba59700000,0x000000ba59800000] [id=29304]

Threads with active compile tasks:

VM state: synchronizing (normal execution)

VM Mutex/Monitor currently owned by a thread:  ([mutex/lock_event])
[0x000001eef49ec390] Metaspace_lock - owner thread: 0x000001eef49f1a60
[0x000001eef49ecb70] Threads_lock - owner thread: 0x000001ee9805ca00

Heap address: 0x0000000709400000, size: 3948 MB, Compressed Oops mode: Zero based, Oop shift amount: 3

CDS archive(s) not mapped
Compressed class space mapped at: 0x0000000800000000-0x0000000840000000, reserved size: 1073741824
Narrow klass base: 0x0000000800000000, Narrow klass shift: 0, Narrow klass range: 0x40000000

GC Precious Log:
 CPUs: 16 total, 16 available
 Memory: 15790M
 Large Page Support: Disabled
 NUMA Support: Disabled
 Compressed Oops: Enabled (Zero based)
 Heap Region Size: 2M
 Heap Min Capacity: 8M
 Heap Initial Capacity: 248M
 Heap Max Capacity: 3948M
 Pre-touch: Disabled
 Parallel Workers: 13
 Concurrent Workers: 3
 Concurrent Refinement Workers: 13
 Periodic GC: Disabled

Heap:
 garbage-first heap   total 253952K, used 0K [0x0000000709400000, 0x0000000800000000)
  region size 2048K, 1 young (2048K), 0 survivors (0K)
 Metaspace       used 5160K, committed 5312K, reserved 1114112K
  class space    used 423K, committed 512K, reserved 1048576K

Heap Regions: E=young(eden), S=young(survivor), O=old, HS=humongous(starts), HC=humongous(continues), CS=collection set, F=free, OA=open archive, CA=closed archive, TAMS=top-at-mark-start (previous, next)
|   0|0x0000000709400000, 0x0000000709400000, 0x0000000709600000|  0%| F|  |TAMS 0x0000000709400000, 0x0000000709400000| Untracked 
|   1|0x0000000709600000, 0x0000000709600000, 0x0000000709800000|  0%| F|  |TAMS 0x0000000709600000, 0x0000000709600000| Untracked 
|   2|0x0000000709800000, 0x0000000709800000, 0x0000000709a00000|  0%| F|  |TAMS 0x0000000709800000, 0x0000000709800000| Untracked 
|   3|0x0000000709a00000, 0x0000000709a00000, 0x0000000709c00000|  0%| F|  |TAMS 0x0000000709a00000, 0x0000000709a00000| Untracked 
|   4|0x0000000709c00000, 0x0000000709c00000, 0x0000000709e00000|  0%| F|  |TAMS 0x0000000709c00000, 0x0000000709c00000| Untracked 
|   5|0x0000000709e00000, 0x0000000709e00000, 0x000000070a000000|  0%| F|  |TAMS 0x0000000709e00000, 0x0000000709e00000| Untracked 
|   6|0x000000070a000000, 0x000000070a000000, 0x000000070a200000|  0%| F|  |TAMS 0x000000070a000000, 0x000000070a000000| Untracked 
|   7|0x000000070a200000, 0x000000070a200000, 0x000000070a400000|  0%| F|  |TAMS 0x000000070a200000, 0x000000070a200000| Untracked 
|   8|0x000000070a400000, 0x000000070a400000, 0x000000070a600000|  0%| F|  |TAMS 0x000000070a400000, 0x000000070a400000| Untracked 
|   9|0x000000070a600000, 0x000000070a600000, 0x000000070a800000|  0%| F|  |TAMS 0x000000070a600000, 0x000000070a600000| Untracked 
|  10|0x000000070a800000, 0x000000070a800000, 0x000000070aa00000|  0%| F|  |TAMS 0x000000070a800000, 0x000000070a800000| Untracked 
|  11|0x000000070aa00000, 0x000000070aa00000, 0x000000070ac00000|  0%| F|  |TAMS 0x000000070aa00000, 0x000000070aa00000| Untracked 
|  12|0x000000070ac00000, 0x000000070ac00000, 0x000000070ae00000|  0%| F|  |TAMS 0x000000070ac00000, 0x000000070ac00000| Untracked 
|  13|0x000000070ae00000, 0x000000070ae00000, 0x000000070b000000|  0%| F|  |TAMS 0x000000070ae00000, 0x000000070ae00000| Untracked 
|  14|0x000000070b000000, 0x000000070b000000, 0x000000070b200000|  0%| F|  |TAMS 0x000000070b000000, 0x000000070b000000| Untracked 
|  15|0x000000070b200000, 0x000000070b200000, 0x000000070b400000|  0%| F|  |TAMS 0x000000070b200000, 0x000000070b200000| Untracked 
|  16|0x000000070b400000, 0x000000070b400000, 0x000000070b600000|  0%| F|  |TAMS 0x000000070b400000, 0x000000070b400000| Untracked 
|  17|0x000000070b600000, 0x000000070b600000, 0x000000070b800000|  0%| F|  |TAMS 0x000000070b600000, 0x000000070b600000| Untracked 
|  18|0x000000070b800000, 0x000000070b800000, 0x000000070ba00000|  0%| F|  |TAMS 0x000000070b800000, 0x000000070b800000| Untracked 
|  19|0x000000070ba00000, 0x000000070ba00000, 0x000000070bc00000|  0%| F|  |TAMS 0x000000070ba00000, 0x000000070ba00000| Untracked 
|  20|0x000000070bc00000, 0x000000070bc00000, 0x000000070be00000|  0%| F|  |TAMS 0x000000070bc00000, 0x000000070bc00000| Untracked 
|  21|0x000000070be00000, 0x000000070be00000, 0x000000070c000000|  0%| F|  |TAMS 0x000000070be00000, 0x000000070be00000| Untracked 
|  22|0x000000070c000000, 0x000000070c000000, 0x000000070c200000|  0%| F|  |TAMS 0x000000070c000000, 0x000000070c000000| Untracked 
|  23|0x000000070c200000, 0x000000070c200000, 0x000000070c400000|  0%| F|  |TAMS 0x000000070c200000, 0x000000070c200000| Untracked 
|  24|0x000000070c400000, 0x000000070c400000, 0x000000070c600000|  0%| F|  |TAMS 0x000000070c400000, 0x000000070c400000| Untracked 
|  25|0x000000070c600000, 0x000000070c600000, 0x000000070c800000|  0%| F|  |TAMS 0x000000070c600000, 0x000000070c600000| Untracked 
|  26|0x000000070c800000, 0x000000070c800000, 0x000000070ca00000|  0%| F|  |TAMS 0x000000070c800000, 0x000000070c800000| Untracked 
|  27|0x000000070ca00000, 0x000000070ca00000, 0x000000070cc00000|  0%| F|  |TAMS 0x000000070ca00000, 0x000000070ca00000| Untracked 
|  28|0x000000070cc00000, 0x000000070cc00000, 0x000000070ce00000|  0%| F|  |TAMS 0x000000070cc00000, 0x000000070cc00000| Untracked 
|  29|0x000000070ce00000, 0x000000070ce00000, 0x000000070d000000|  0%| F|  |TAMS 0x000000070ce00000, 0x000000070ce00000| Untracked 
|  30|0x000000070d000000, 0x000000070d000000, 0x000000070d200000|  0%| F|  |TAMS 0x000000070d000000, 0x000000070d000000| Untracked 
|  31|0x000000070d200000, 0x000000070d200000, 0x000000070d400000|  0%| F|  |TAMS 0x000000070d200000, 0x000000070d200000| Untracked 
|  32|0x000000070d400000, 0x000000070d400000, 0x000000070d600000|  0%| F|  |TAMS 0x000000070d400000, 0x000000070d400000| Untracked 
|  33|0x000000070d600000, 0x000000070d600000, 0x000000070d800000|  0%| F|  |TAMS 0x000000070d600000, 0x000000070d600000| Untracked 
|  34|0x000000070d800000, 0x000000070d800000, 0x000000070da00000|  0%| F|  |TAMS 0x000000070d800000, 0x000000070d800000| Untracked 
|  35|0x000000070da00000, 0x000000070da00000, 0x000000070dc00000|  0%| F|  |TAMS 0x000000070da00000, 0x000000070da00000| Untracked 
|  36|0x000000070dc00000, 0x000000070dc00000, 0x000000070de00000|  0%| F|  |TAMS 0x000000070dc00000, 0x000000070dc00000| Untracked 
|  37|0x000000070de00000, 0x000000070de00000, 0x000000070e000000|  0%| F|  |TAMS 0x000000070de00000, 0x000000070de00000| Untracked 
|  38|0x000000070e000000, 0x000000070e000000, 0x000000070e200000|  0%| F|  |TAMS 0x000000070e000000, 0x000000070e000000| Untracked 
|  39|0x000000070e200000, 0x000000070e200000, 0x000000070e400000|  0%| F|  |TAMS 0x000000070e200000, 0x000000070e200000| Untracked 
|  40|0x000000070e400000, 0x000000070e400000, 0x000000070e600000|  0%| F|  |TAMS 0x000000070e400000, 0x000000070e400000| Untracked 
|  41|0x000000070e600000, 0x000000070e600000, 0x000000070e800000|  0%| F|  |TAMS 0x000000070e600000, 0x000000070e600000| Untracked 
|  42|0x000000070e800000, 0x000000070e800000, 0x000000070ea00000|  0%| F|  |TAMS 0x000000070e800000, 0x000000070e800000| Untracked 
|  43|0x000000070ea00000, 0x000000070ea00000, 0x000000070ec00000|  0%| F|  |TAMS 0x000000070ea00000, 0x000000070ea00000| Untracked 
|  44|0x000000070ec00000, 0x000000070ec00000, 0x000000070ee00000|  0%| F|  |TAMS 0x000000070ec00000, 0x000000070ec00000| Untracked 
|  45|0x000000070ee00000, 0x000000070ee00000, 0x000000070f000000|  0%| F|  |TAMS 0x000000070ee00000, 0x000000070ee00000| Untracked 
|  46|0x000000070f000000, 0x000000070f000000, 0x000000070f200000|  0%| F|  |TAMS 0x000000070f000000, 0x000000070f000000| Untracked 
|  47|0x000000070f200000, 0x000000070f200000, 0x000000070f400000|  0%| F|  |TAMS 0x000000070f200000, 0x000000070f200000| Untracked 
|  48|0x000000070f400000, 0x000000070f400000, 0x000000070f600000|  0%| F|  |TAMS 0x000000070f400000, 0x000000070f400000| Untracked 
|  49|0x000000070f600000, 0x000000070f600000, 0x000000070f800000|  0%| F|  |TAMS 0x000000070f600000, 0x000000070f600000| Untracked 
|  50|0x000000070f800000, 0x000000070f800000, 0x000000070fa00000|  0%| F|  |TAMS 0x000000070f800000, 0x000000070f800000| Untracked 
|  51|0x000000070fa00000, 0x000000070fa00000, 0x000000070fc00000|  0%| F|  |TAMS 0x000000070fa00000, 0x000000070fa00000| Untracked 
|  52|0x000000070fc00000, 0x000000070fc00000, 0x000000070fe00000|  0%| F|  |TAMS 0x000000070fc00000, 0x000000070fc00000| Untracked 
|  53|0x000000070fe00000, 0x000000070fe00000, 0x0000000710000000|  0%| F|  |TAMS 0x000000070fe00000, 0x000000070fe00000| Untracked 
|  54|0x0000000710000000, 0x0000000710000000, 0x0000000710200000|  0%| F|  |TAMS 0x0000000710000000, 0x0000000710000000| Untracked 
|  55|0x0000000710200000, 0x0000000710200000, 0x0000000710400000|  0%| F|  |TAMS 0x0000000710200000, 0x0000000710200000| Untracked 
|  56|0x0000000710400000, 0x0000000710400000, 0x0000000710600000|  0%| F|  |TAMS 0x0000000710400000, 0x0000000710400000| Untracked 
|  57|0x0000000710600000, 0x0000000710600000, 0x0000000710800000|  0%| F|  |TAMS 0x0000000710600000, 0x0000000710600000| Untracked 
|  58|0x0000000710800000, 0x0000000710800000, 0x0000000710a00000|  0%| F|  |TAMS 0x0000000710800000, 0x0000000710800000| Untracked 
|  59|0x0000000710a00000, 0x0000000710a00000, 0x0000000710c00000|  0%| F|  |TAMS 0x0000000710a00000, 0x0000000710a00000| Untracked 
|  60|0x0000000710c00000, 0x0000000710c00000, 0x0000000710e00000|  0%| F|  |TAMS 0x0000000710c00000, 0x0000000710c00000| Untracked 
|  61|0x0000000710e00000, 0x0000000710e00000, 0x0000000711000000|  0%| F|  |TAMS 0x0000000710e00000, 0x0000000710e00000| Untracked 
|  62|0x0000000711000000, 0x0000000711000000, 0x0000000711200000|  0%| F|  |TAMS 0x0000000711000000, 0x0000000711000000| Untracked 
|  63|0x0000000711200000, 0x0000000711200000, 0x0000000711400000|  0%| F|  |TAMS 0x0000000711200000, 0x0000000711200000| Untracked 
|  64|0x0000000711400000, 0x0000000711400000, 0x0000000711600000|  0%| F|  |TAMS 0x0000000711400000, 0x0000000711400000| Untracked 
|  65|0x0000000711600000, 0x0000000711600000, 0x0000000711800000|  0%| F|  |TAMS 0x0000000711600000, 0x0000000711600000| Untracked 
|  66|0x0000000711800000, 0x0000000711800000, 0x0000000711a00000|  0%| F|  |TAMS 0x0000000711800000, 0x0000000711800000| Untracked 
|  67|0x0000000711a00000, 0x0000000711a00000, 0x0000000711c00000|  0%| F|  |TAMS 0x0000000711a00000, 0x0000000711a00000| Untracked 
|  68|0x0000000711c00000, 0x0000000711c00000, 0x0000000711e00000|  0%| F|  |TAMS 0x0000000711c00000, 0x0000000711c00000| Untracked 
|  69|0x0000000711e00000, 0x0000000711e00000, 0x0000000712000000|  0%| F|  |TAMS 0x0000000711e00000, 0x0000000711e00000| Untracked 
|  70|0x0000000712000000, 0x0000000712000000, 0x0000000712200000|  0%| F|  |TAMS 0x0000000712000000, 0x0000000712000000| Untracked 
|  71|0x0000000712200000, 0x0000000712200000, 0x0000000712400000|  0%| F|  |TAMS 0x0000000712200000, 0x0000000712200000| Untracked 
|  72|0x0000000712400000, 0x0000000712400000, 0x0000000712600000|  0%| F|  |TAMS 0x0000000712400000, 0x0000000712400000| Untracked 
|  73|0x0000000712600000, 0x0000000712600000, 0x0000000712800000|  0%| F|  |TAMS 0x0000000712600000, 0x0000000712600000| Untracked 
|  74|0x0000000712800000, 0x0000000712800000, 0x0000000712a00000|  0%| F|  |TAMS 0x0000000712800000, 0x0000000712800000| Untracked 
|  75|0x0000000712a00000, 0x0000000712a00000, 0x0000000712c00000|  0%| F|  |TAMS 0x0000000712a00000, 0x0000000712a00000| Untracked 
|  76|0x0000000712c00000, 0x0000000712c00000, 0x0000000712e00000|  0%| F|  |TAMS 0x0000000712c00000, 0x0000000712c00000| Untracked 
|  77|0x0000000712e00000, 0x0000000712e00000, 0x0000000713000000|  0%| F|  |TAMS 0x0000000712e00000, 0x0000000712e00000| Untracked 
|  78|0x0000000713000000, 0x0000000713000000, 0x0000000713200000|  0%| F|  |TAMS 0x0000000713000000, 0x0000000713000000| Untracked 
|  79|0x0000000713200000, 0x0000000713200000, 0x0000000713400000|  0%| F|  |TAMS 0x0000000713200000, 0x0000000713200000| Untracked 
|  80|0x0000000713400000, 0x0000000713400000, 0x0000000713600000|  0%| F|  |TAMS 0x0000000713400000, 0x0000000713400000| Untracked 
|  81|0x0000000713600000, 0x0000000713600000, 0x0000000713800000|  0%| F|  |TAMS 0x0000000713600000, 0x0000000713600000| Untracked 
|  82|0x0000000713800000, 0x0000000713800000, 0x0000000713a00000|  0%| F|  |TAMS 0x0000000713800000, 0x0000000713800000| Untracked 
|  83|0x0000000713a00000, 0x0000000713a00000, 0x0000000713c00000|  0%| F|  |TAMS 0x0000000713a00000, 0x0000000713a00000| Untracked 
|  84|0x0000000713c00000, 0x0000000713c00000, 0x0000000713e00000|  0%| F|  |TAMS 0x0000000713c00000, 0x0000000713c00000| Untracked 
|  85|0x0000000713e00000, 0x0000000713e00000, 0x0000000714000000|  0%| F|  |TAMS 0x0000000713e00000, 0x0000000713e00000| Untracked 
|  86|0x0000000714000000, 0x0000000714000000, 0x0000000714200000|  0%| F|  |TAMS 0x0000000714000000, 0x0000000714000000| Untracked 
|  87|0x0000000714200000, 0x0000000714200000, 0x0000000714400000|  0%| F|  |TAMS 0x0000000714200000, 0x0000000714200000| Untracked 
|  88|0x0000000714400000, 0x0000000714400000, 0x0000000714600000|  0%| F|  |TAMS 0x0000000714400000, 0x0000000714400000| Untracked 
|  89|0x0000000714600000, 0x0000000714600000, 0x0000000714800000|  0%| F|  |TAMS 0x0000000714600000, 0x0000000714600000| Untracked 
|  90|0x0000000714800000, 0x0000000714800000, 0x0000000714a00000|  0%| F|  |TAMS 0x0000000714800000, 0x0000000714800000| Untracked 
|  91|0x0000000714a00000, 0x0000000714a00000, 0x0000000714c00000|  0%| F|  |TAMS 0x0000000714a00000, 0x0000000714a00000| Untracked 
|  92|0x0000000714c00000, 0x0000000714c00000, 0x0000000714e00000|  0%| F|  |TAMS 0x0000000714c00000, 0x0000000714c00000| Untracked 
|  93|0x0000000714e00000, 0x0000000714e00000, 0x0000000715000000|  0%| F|  |TAMS 0x0000000714e00000, 0x0000000714e00000| Untracked 
|  94|0x0000000715000000, 0x0000000715000000, 0x0000000715200000|  0%| F|  |TAMS 0x0000000715000000, 0x0000000715000000| Untracked 
|  95|0x0000000715200000, 0x0000000715200000, 0x0000000715400000|  0%| F|  |TAMS 0x0000000715200000, 0x0000000715200000| Untracked 
|  96|0x0000000715400000, 0x0000000715400000, 0x0000000715600000|  0%| F|  |TAMS 0x0000000715400000, 0x0000000715400000| Untracked 
|  97|0x0000000715600000, 0x0000000715600000, 0x0000000715800000|  0%| F|  |TAMS 0x0000000715600000, 0x0000000715600000| Untracked 
|  98|0x0000000715800000, 0x0000000715800000, 0x0000000715a00000|  0%| F|  |TAMS 0x0000000715800000, 0x0000000715800000| Untracked 
|  99|0x0000000715a00000, 0x0000000715a00000, 0x0000000715c00000|  0%| F|  |TAMS 0x0000000715a00000, 0x0000000715a00000| Untracked 
| 100|0x0000000715c00000, 0x0000000715c00000, 0x0000000715e00000|  0%| F|  |TAMS 0x0000000715c00000, 0x0000000715c00000| Untracked 
| 101|0x0000000715e00000, 0x0000000715e00000, 0x0000000716000000|  0%| F|  |TAMS 0x0000000715e00000, 0x0000000715e00000| Untracked 
| 102|0x0000000716000000, 0x0000000716000000, 0x0000000716200000|  0%| F|  |TAMS 0x0000000716000000, 0x0000000716000000| Untracked 
| 103|0x0000000716200000, 0x0000000716200000, 0x0000000716400000|  0%| F|  |TAMS 0x0000000716200000, 0x0000000716200000| Untracked 
| 104|0x0000000716400000, 0x0000000716400000, 0x0000000716600000|  0%| F|  |TAMS 0x0000000716400000, 0x0000000716400000| Untracked 
| 105|0x0000000716600000, 0x0000000716600000, 0x0000000716800000|  0%| F|  |TAMS 0x0000000716600000, 0x0000000716600000| Untracked 
| 106|0x0000000716800000, 0x0000000716800000, 0x0000000716a00000|  0%| F|  |TAMS 0x0000000716800000, 0x0000000716800000| Untracked 
| 107|0x0000000716a00000, 0x0000000716a00000, 0x0000000716c00000|  0%| F|  |TAMS 0x0000000716a00000, 0x0000000716a00000| Untracked 
| 108|0x0000000716c00000, 0x0000000716c00000, 0x0000000716e00000|  0%| F|  |TAMS 0x0000000716c00000, 0x0000000716c00000| Untracked 
| 109|0x0000000716e00000, 0x0000000716e00000, 0x0000000717000000|  0%| F|  |TAMS 0x0000000716e00000, 0x0000000716e00000| Untracked 
| 110|0x0000000717000000, 0x0000000717000000, 0x0000000717200000|  0%| F|  |TAMS 0x0000000717000000, 0x0000000717000000| Untracked 
| 111|0x0000000717200000, 0x0000000717200000, 0x0000000717400000|  0%| F|  |TAMS 0x0000000717200000, 0x0000000717200000| Untracked 
| 112|0x0000000717400000, 0x0000000717400000, 0x0000000717600000|  0%| F|  |TAMS 0x0000000717400000, 0x0000000717400000| Untracked 
| 113|0x0000000717600000, 0x0000000717600000, 0x0000000717800000|  0%| F|  |TAMS 0x0000000717600000, 0x0000000717600000| Untracked 
| 114|0x0000000717800000, 0x0000000717800000, 0x0000000717a00000|  0%| F|  |TAMS 0x0000000717800000, 0x0000000717800000| Untracked 
| 115|0x0000000717a00000, 0x0000000717a00000, 0x0000000717c00000|  0%| F|  |TAMS 0x0000000717a00000, 0x0000000717a00000| Untracked 
| 116|0x0000000717c00000, 0x0000000717c00000, 0x0000000717e00000|  0%| F|  |TAMS 0x0000000717c00000, 0x0000000717c00000| Untracked 
| 117|0x0000000717e00000, 0x0000000717e00000, 0x0000000718000000|  0%| F|  |TAMS 0x0000000717e00000, 0x0000000717e00000| Untracked 
| 118|0x0000000718000000, 0x0000000718000000, 0x0000000718200000|  0%| F|  |TAMS 0x0000000718000000, 0x0000000718000000| Untracked 
| 119|0x0000000718200000, 0x0000000718200000, 0x0000000718400000|  0%| F|  |TAMS 0x0000000718200000, 0x0000000718200000| Untracked 
| 120|0x0000000718400000, 0x0000000718400000, 0x0000000718600000|  0%| F|  |TAMS 0x0000000718400000, 0x0000000718400000| Untracked 
| 121|0x0000000718600000, 0x0000000718600000, 0x0000000718800000|  0%| F|  |TAMS 0x0000000718600000, 0x0000000718600000| Untracked 
| 122|0x0000000718800000, 0x0000000718800000, 0x0000000718a00000|  0%| F|  |TAMS 0x0000000718800000, 0x0000000718800000| Untracked 
| 123|0x0000000718a00000, 0x0000000718bc2a48, 0x0000000718c00000| 88%| E|  |TAMS 0x0000000718a00000, 0x0000000718a00000| Complete 

Card table byte_map: [0x000001eef9100000,0x000001eef98c0000] _byte_map_base: 0x000001eef58b6000

Marking Bits (Prev, Next): (CMBitMap*) 0x000001eef4a5e760, (CMBitMap*) 0x000001eef4a5e7a0
 Prev Bits: [0x000001eefa080000, 0x000001eefde30000)
 Next Bits: [0x000001ee8f000000, 0x000001ee92db0000)

Polling page: 0x000001eef2970000

Metaspace:

Usage:
  Non-class:      4.63 MB used.
      Class:    423.57 KB used.
       Both:      5.04 MB used.

Virtual space:
  Non-class space:       64.00 MB reserved,       4.69 MB (  7%) committed,  1 nodes.
      Class space:        1.00 GB reserved,     512.00 KB ( <1%) committed,  1 nodes.
             Both:        1.06 GB reserved,       5.19 MB ( <1%) committed. 

Chunk freelists:
   Non-Class:  11.00 MB
       Class:  15.56 MB
        Both:  26.56 MB

MaxMetaspaceSize: unlimited
CompressedClassSpaceSize: 1.00 GB
Initial GC threshold: 21.00 MB
Current GC threshold: 21.00 MB
CDS: off
MetaspaceReclaimPolicy: balanced
 - commit_granule_bytes: 65536.
 - commit_granule_words: 8192.
 - virtual_space_node_default_size: 8388608.
 - enlarge_chunks_in_place: 1.
 - new_chunks_are_fully_committed: 0.
 - uncommit_free_chunks: 1.
 - use_allocation_guard: 0.
 - handle_deallocations: 1.


Internal statistics:

num_allocs_failed_limit: 0.
num_arena_births: 4.
num_arena_deaths: 0.
num_vsnodes_births: 2.
num_vsnodes_deaths: 0.
num_space_committed: 83.
num_space_uncommitted: 0.
num_chunks_returned_to_freelist: 0.
num_chunks_taken_from_freelist: 8.
num_chunk_merges: 0.
num_chunk_splits: 4.
num_chunks_enlarged: 1.
num_inconsistent_stats: 0.

CodeHeap 'non-profiled nmethods': size=119168Kb used=21Kb max_used=21Kb free=119146Kb
 bounds [0x000001ee87ba0000, 0x000001ee87e10000, 0x000001ee8f000000]
CodeHeap 'profiled nmethods': size=119104Kb used=67Kb max_used=67Kb free=119036Kb
 bounds [0x000001ee80000000, 0x000001ee80270000, 0x000001ee87450000]
CodeHeap 'non-nmethods': size=7488Kb used=1082Kb max_used=1082Kb free=6405Kb
 bounds [0x000001ee87450000, 0x000001ee876c0000, 0x000001ee87ba0000]
 total_blobs=420 nmethods=67 adapters=266
 compilation: enabled
              stopped_count=0, restarted_count=0
 full_count=0

Compilation events (20 events):
Event: 1.368 Thread 0x000001ee98116470   54       1       java.lang.invoke.MethodType::returnType (5 bytes)
Event: 1.368 Thread 0x000001ee98116470 nmethod 54 0x000001ee87ba4410 code [0x000001ee87ba45a0, 0x000001ee87ba4678]
Event: 1.386 Thread 0x000001ee98116470   57       3       java.lang.invoke.MemberName::testFlags (16 bytes)
Event: 1.386 Thread 0x000001ee98116470 nmethod 57 0x000001ee8000db10 code [0x000001ee8000dca0, 0x000001ee8000de18]
Event: 1.387 Thread 0x000001ee98116470   58       3       java.lang.invoke.MethodTypeForm::canonicalize (74 bytes)
Event: 1.388 Thread 0x000001ee98116470 nmethod 58 0x000001ee8000de90 code [0x000001ee8000e0c0, 0x000001ee8000e7b8]
Event: 1.389 Thread 0x000001ee98116470   60   !   3       java.lang.ref.ReferenceQueue::poll (28 bytes)
Event: 1.389 Thread 0x000001ee98116470 nmethod 60 0x000001ee8000ea10 code [0x000001ee8000ebc0, 0x000001ee8000ee48]
Event: 1.391 Thread 0x000001ee98116470   63       3       java.lang.StringLatin1::indexOfChar (33 bytes)
Event: 1.391 Thread 0x000001ee98116470 nmethod 63 0x000001ee8000ef90 code [0x000001ee8000f140, 0x000001ee8000f378]
Event: 1.391 Thread 0x000001ee98116470   62       3       java.lang.invoke.MethodType::hashCode (53 bytes)
Event: 1.392 Thread 0x000001ee98116470 nmethod 62 0x000001ee8000f490 code [0x000001ee8000f640, 0x000001ee8000f9d8]
Event: 1.392 Thread 0x000001ee98116470   66       3       java.lang.String::<init> (15 bytes)
Event: 1.392 Thread 0x000001ee98116470 nmethod 66 0x000001ee8000fb90 code [0x000001ee8000fd20, 0x000001ee8000fef8]
Event: 1.392 Thread 0x000001ee98116470   67       3       java.lang.Math::min (11 bytes)
Event: 1.392 Thread 0x000001ee98116470 nmethod 67 0x000001ee8000ff90 code [0x000001ee80010120, 0x000001ee80010258]
Event: 1.392 Thread 0x000001ee98116470   64       3       java.lang.invoke.MethodType$ConcurrentWeakInternSet::expungeStaleElements (27 bytes)
Event: 1.393 Thread 0x000001ee98116470 nmethod 64 0x000001ee80010310 code [0x000001ee80010500, 0x000001ee80010a38]
Event: 1.404 Thread 0x000001ee98116470   65       1       java.lang.invoke.MemberName::getDeclaringClass (5 bytes)
Event: 1.404 Thread 0x000001ee98116470 nmethod 65 0x000001ee87ba5310 code [0x000001ee87ba54a0, 0x000001ee87ba5578]

GC Heap History (0 events):
No events

Dll operation events (3 events):
Event: 0.042 Loaded shared library C:\Users\Kishore Naidu\.p2\pool\plugins\org.eclipse.justj.openjdk.hotspot.jre.full.win32.x86_64_17.0.8.v20230801-1951\jre\bin\java.dll
Event: 1.496 Loaded shared library C:\Users\Kishore Naidu\.p2\pool\plugins\org.eclipse.justj.openjdk.hotspot.jre.full.win32.x86_64_17.0.8.v20230801-1951\jre\bin\net.dll
Event: 1.500 Loaded shared library C:\Users\Kishore Naidu\.p2\pool\plugins\org.eclipse.justj.openjdk.hotspot.jre.full.win32.x86_64_17.0.8.v20230801-1951\jre\bin\nio.dll

Deoptimization events (0 events):
No events

Classes unloaded (0 events):
No events

Classes redefined (0 events):
No events

Internal exceptions (0 events):
No events

VM Operations (0 events):
No events

Events (20 events):
Event: 1.494 loading class jdk/internal/loader/NativeLibraries$NativeLibraryImpl done
Event: 1.501 loading class java/util/concurrent/ConcurrentHashMap$ValuesView
Event: 1.502 loading class java/util/concurrent/ConcurrentHashMap$CollectionView
Event: 1.502 loading class java/util/concurrent/ConcurrentHashMap$CollectionView done
Event: 1.502 loading class java/util/concurrent/ConcurrentHashMap$ValuesView done
Event: 1.503 loading class java/util/concurrent/ConcurrentHashMap$ValueIterator
Event: 1.503 loading class java/util/Enumeration
Event: 1.504 loading class java/util/Enumeration done
Event: 1.504 loading class java/util/concurrent/ConcurrentHashMap$BaseIterator
Event: 1.504 loading class java/util/concurrent/ConcurrentHashMap$Traverser
Event: 1.504 loading class java/util/concurrent/ConcurrentHashMap$Traverser done
Event: 1.504 loading class java/util/concurrent/ConcurrentHashMap$BaseIterator done
Event: 1.504 loading class java/util/concurrent/ConcurrentHashMap$ValueIterator done
Event: 1.505 loading class sun/nio/fs/WindowsNativeDispatcher$FirstFile
Event: 1.505 loading class sun/nio/fs/WindowsNativeDispatcher$FirstFile done
Event: 1.505 loading class sun/nio/fs/WindowsNativeDispatcher$FirstStream
Event: 1.505 loading class sun/nio/fs/WindowsNativeDispatcher$FirstStream done
Event: 1.505 loading class sun/nio/fs/WindowsNativeDispatcher$VolumeInformation
Event: 1.505 loading class sun/nio/fs/WindowsNativeDispatcher$VolumeInformation done
Event: 1.505 loading class sun/nio/fs/WindowsNativeDispatcher$DiskFreeSpace


Dynamic libraries:
0x00007ff6ae900000 - 0x00007ff6ae90e000 	C:\Users\Kishore Naidu\.p2\pool\plugins\org.eclipse.justj.openjdk.hotspot.jre.full.win32.x86_64_17.0.8.v20230801-1951\jre\bin\javaw.exe
0x00007ffbfc590000 - 0x00007ffbfc7a4000 	C:\WINDOWS\SYSTEM32\ntdll.dll
0x00007ffbfb610000 - 0x00007ffbfb6d4000 	C:\WINDOWS\System32\KERNEL32.DLL
0x00007ffbf9fa0000 - 0x00007ffbfa344000 	C:\WINDOWS\System32\KERNELBASE.dll
0x00007ffbf9a60000 - 0x00007ffbf9b71000 	C:\WINDOWS\System32\ucrtbase.dll
0x00007ffbed350000 - 0x00007ffbed369000 	C:\Users\Kishore Naidu\.p2\pool\plugins\org.eclipse.justj.openjdk.hotspot.jre.full.win32.x86_64_17.0.8.v20230801-1951\jre\bin\VCRUNTIME140.dll
0x00007ffbe6130000 - 0x00007ffbe6147000 	C:\Users\Kishore Naidu\.p2\pool\plugins\org.eclipse.justj.openjdk.hotspot.jre.full.win32.x86_64_17.0.8.v20230801-1951\jre\bin\jli.dll
0x00007ffbfc260000 - 0x00007ffbfc40a000 	C:\WINDOWS\System32\USER32.dll
0x00007ffbf9f70000 - 0x00007ffbf9f96000 	C:\WINDOWS\System32\win32u.dll
0x00007ffbfc410000 - 0x00007ffbfc439000 	C:\WINDOWS\System32\GDI32.dll
0x00007ffbf9b80000 - 0x00007ffbf9c99000 	C:\WINDOWS\System32\gdi32full.dll
0x00007ffbf9d60000 - 0x00007ffbf9dfa000 	C:\WINDOWS\System32\msvcp_win.dll
0x00007ffbeac50000 - 0x00007ffbeaedf000 	C:\WINDOWS\WinSxS\amd64_microsoft.windows.common-controls_6595b64144ccf1df_6.0.22621.2070_none_2713e6537381f706\COMCTL32.dll
0x00007ffbfaf70000 - 0x00007ffbfb017000 	C:\WINDOWS\System32\msvcrt.dll
0x00007ffbfb020000 - 0x00007ffbfb051000 	C:\WINDOWS\System32\IMM32.DLL
0x00007ffbef830000 - 0x00007ffbef83c000 	C:\Users\Kishore Naidu\.p2\pool\plugins\org.eclipse.justj.openjdk.hotspot.jre.full.win32.x86_64_17.0.8.v20230801-1951\jre\bin\vcruntime140_1.dll
0x00007ffbe32a0000 - 0x00007ffbe3331000 	C:\Users\Kishore Naidu\.p2\pool\plugins\org.eclipse.justj.openjdk.hotspot.jre.full.win32.x86_64_17.0.8.v20230801-1951\jre\bin\msvcp140.dll
0x00007ffbaa780000 - 0x00007ffbab3cc000 	C:\Users\Kishore Naidu\.p2\pool\plugins\org.eclipse.justj.openjdk.hotspot.jre.full.win32.x86_64_17.0.8.v20230801-1951\jre\bin\server\jvm.dll
0x00007ffbfb6e0000 - 0x00007ffbfb790000 	C:\WINDOWS\System32\ADVAPI32.dll
0x00007ffbfac10000 - 0x00007ffbfacb6000 	C:\WINDOWS\System32\sechost.dll
0x00007ffbfc090000 - 0x00007ffbfc1a7000 	C:\WINDOWS\System32\RPCRT4.dll
0x00007ffbf8860000 - 0x00007ffbf88ad000 	C:\WINDOWS\SYSTEM32\POWRPROF.dll
0x00007ffbf1250000 - 0x00007ffbf1259000 	C:\WINDOWS\SYSTEM32\WSOCK32.dll
0x00007ffbfa370000 - 0x00007ffbfa3e1000 	C:\WINDOWS\System32\WS2_32.dll
0x00007ffbf29c0000 - 0x00007ffbf29f4000 	C:\WINDOWS\SYSTEM32\WINMM.dll
0x00007ffbf0e70000 - 0x00007ffbf0e7a000 	C:\WINDOWS\SYSTEM32\VERSION.dll
0x00007ffbf8840000 - 0x00007ffbf8853000 	C:\WINDOWS\SYSTEM32\UMPDC.dll
0x00007ffbf8aa0000 - 0x00007ffbf8ab8000 	C:\WINDOWS\SYSTEM32\kernel.appcore.dll
0x00007ffbf3bc0000 - 0x00007ffbf3bca000 	C:\Users\Kishore Naidu\.p2\pool\plugins\org.eclipse.justj.openjdk.hotspot.jre.full.win32.x86_64_17.0.8.v20230801-1951\jre\bin\jimage.dll
0x00007ffbf1590000 - 0x00007ffbf17be000 	C:\WINDOWS\SYSTEM32\DBGHELP.DLL
0x00007ffbfb1d0000 - 0x00007ffbfb55a000 	C:\WINDOWS\System32\combase.dll
0x00007ffbfbe80000 - 0x00007ffbfbf57000 	C:\WINDOWS\System32\OLEAUT32.dll
0x00007ffbf0270000 - 0x00007ffbf02a2000 	C:\WINDOWS\SYSTEM32\dbgcore.DLL
0x00007ffbf9970000 - 0x00007ffbf99ea000 	C:\WINDOWS\System32\bcryptPrimitives.dll
0x00007ffbef840000 - 0x00007ffbef865000 	C:\Users\Kishore Naidu\.p2\pool\plugins\org.eclipse.justj.openjdk.hotspot.jre.full.win32.x86_64_17.0.8.v20230801-1951\jre\bin\java.dll
0x00007ffbed3b0000 - 0x00007ffbed3c8000 	C:\Users\Kishore Naidu\.p2\pool\plugins\org.eclipse.justj.openjdk.hotspot.jre.full.win32.x86_64_17.0.8.v20230801-1951\jre\bin\zip.dll
0x00007ffbfa3f0000 - 0x00007ffbfac06000 	C:\WINDOWS\System32\SHELL32.dll
0x00007ffbf7950000 - 0x00007ffbf823a000 	C:\WINDOWS\SYSTEM32\windows.storage.dll
0x00007ffbf7810000 - 0x00007ffbf794e000 	C:\WINDOWS\SYSTEM32\wintypes.dll
0x00007ffbfc450000 - 0x00007ffbfc543000 	C:\WINDOWS\System32\SHCORE.dll
0x00007ffbfad50000 - 0x00007ffbfadae000 	C:\WINDOWS\System32\shlwapi.dll
0x00007ffbf98a0000 - 0x00007ffbf98c6000 	C:\WINDOWS\SYSTEM32\profapi.dll
0x00007ffbed390000 - 0x00007ffbed3a9000 	C:\Users\Kishore Naidu\.p2\pool\plugins\org.eclipse.justj.openjdk.hotspot.jre.full.win32.x86_64_17.0.8.v20230801-1951\jre\bin\net.dll
0x00007ffbf3df0000 - 0x00007ffbf3f27000 	C:\WINDOWS\SYSTEM32\WINHTTP.dll
0x00007ffbf8f20000 - 0x00007ffbf8f89000 	C:\WINDOWS\system32\mswsock.dll
0x00007ffbed370000 - 0x00007ffbed385000 	C:\Users\Kishore Naidu\.p2\pool\plugins\org.eclipse.justj.openjdk.hotspot.jre.full.win32.x86_64_17.0.8.v20230801-1951\jre\bin\nio.dll

dbghelp: loaded successfully - version: 4.0.5 - missing functions: none
symbol engine: initialized successfully - sym options: 0x614 - pdb path: .;C:\Users\Kishore Naidu\.p2\pool\plugins\org.eclipse.justj.openjdk.hotspot.jre.full.win32.x86_64_17.0.8.v20230801-1951\jre\bin;C:\WINDOWS\SYSTEM32;C:\WINDOWS\WinSxS\amd64_microsoft.windows.common-controls_6595b64144ccf1df_6.0.22621.2070_none_2713e6537381f706;C:\Users\Kishore Naidu\.p2\pool\plugins\org.eclipse.justj.openjdk.hotspot.jre.full.win32.x86_64_17.0.8.v20230801-1951\jre\bin\server

VM Arguments:
jvm_args: -Dfile.encoding=UTF-8 --module-path=C:\Users\Kishore Naidu\eclipse-workspace\first\bin -XX:+ShowCodeDetailsInExceptionMessages -Djdk.module.main=first 
java_command: first/first.ram
java_class_path (initial): <not set>
Launcher Type: SUN_STANDARD

[Global flags]
     intx CICompilerCount                          = 12                                        {product} {ergonomic}
     uint ConcGCThreads                            = 3                                         {product} {ergonomic}
     uint G1ConcRefinementThreads                  = 13                                        {product} {ergonomic}
   size_t G1HeapRegionSize                         = 2097152                                   {product} {ergonomic}
    uintx GCDrainStackTargetSize                   = 64                                        {product} {ergonomic}
   size_t InitialHeapSize                          = 260046848                                 {product} {ergonomic}
   size_t MarkStackSize                            = 4194304                                   {product} {ergonomic}
   size_t MaxHeapSize                              = 4139778048                                {product} {ergonomic}
   size_t MaxNewSize                               = 2483027968                                {product} {ergonomic}
   size_t MinHeapDeltaBytes                        = 2097152                                   {product} {ergonomic}
   size_t MinHeapSize                              = 8388608                                   {product} {ergonomic}
    uintx NonNMethodCodeHeapSize                   = 7602480                                {pd product} {ergonomic}
    uintx NonProfiledCodeHeapSize                  = 122027880                              {pd product} {ergonomic}
    uintx ProfiledCodeHeapSize                     = 122027880                              {pd product} {ergonomic}
    uintx ReservedCodeCacheSize                    = 251658240                              {pd product} {ergonomic}
     bool SegmentedCodeCache                       = true                                      {product} {ergonomic}
     bool ShowCodeDetailsInExceptionMessages       = true                                   {manageable} {command line}
   size_t SoftMaxHeapSize                          = 4139778048                             {manageable} {ergonomic}
     bool UseCompressedClassPointers               = true                           {product lp64_product} {ergonomic}
     bool UseCompressedOops                        = true                           {product lp64_product} {ergonomic}
     bool UseG1GC                                  = true                                      {product} {ergonomic}
     bool UseLargePagesIndividualAllocation        = false                                  {pd product} {ergonomic}

Logging:
Log output configuration:
 #0: stdout all=warning uptime,level,tags
 #1: stderr all=off uptime,level,tags

Environment Variables:
PATH=C:/Users/Kishore Naidu/.p2/pool/plugins/org.eclipse.justj.openjdk.hotspot.jre.full.win32.x86_64_17.0.8.v20230801-1951/jre/bin/server;C:/Users/Kishore Naidu/.p2/pool/plugins/org.eclipse.justj.openjdk.hotspot.jre.full.win32.x86_64_17.0.8.v20230801-1951/jre/bin;C:\Program Files\Python311\Scripts\;C:\Program Files\Python311\;C:\Windows\system32;C:\Windows;C:\Windows\System32\Wbem;C:\Windows\System32\WindowsPowerShell\v1.0\;C:\Windows\System32\OpenSSH\;C:\Program Files (x86)\NVIDIA Corporation\PhysX\Common;C:\Program Files\NVIDIA Corporation\NVIDIA NvDLISR;C:\Program Files\dotnet\;C:\Program Files\PuTTY\;C:\WINDOWS\system32;C:\WINDOWS;C:\WINDOWS\System32\Wbem;C:\WINDOWS\System32\WindowsPowerShell\v1.0\;C:\WINDOWS\System32\OpenSSH\;C:\Users\Kishore Naidu\AppData\Local\Microsoft\WindowsApps;;C:\Users\Kishore Naidu\AppData\Local\Programs\Microsoft VS Code\bin;C:\Users\Kishore Naidu\Desktop;
USERNAME=Kishore Naidu
OS=Windows_NT
PROCESSOR_IDENTIFIER=AMD64 Family 23 Model 96 Stepping 1, AuthenticAMD
TMP=C:\Users\KISHOR~1\AppData\Local\Temp
TEMP=C:\Users\KISHOR~1\AppData\Local\Temp



---------------  S Y S T E M  ---------------

OS:
 Windows 11 , 64 bit Build 22621 (10.0.22621.2070)
OS uptime: 9 days 12:08 hours

CPU: total 16 (initial active 16) (16 cores per cpu, 2 threads per core) family 23 model 96 stepping 1 microcode 0x0, cx8, cmov, fxsr, ht, mmx, 3dnowpref, sse, sse2, sse3, ssse3, sse4a, sse4.1, sse4.2, popcnt, lzcnt, tsc, tscinvbit, avx, avx2, aes, clmul, bmi1, bmi2, adx, sha, fma, vzeroupper, clflush, clflushopt
Processor Information for all 16 processors :
  Max Mhz: 2901, Current Mhz: 2901, Mhz Limit: 2901

Memory: 4k page, system-wide physical 15790M (7563M free)
TotalPageFile size 44827M (AvailPageFile size 5M)
current process WorkingSet (physical memory assigned to process): 32M, peak: 32M
current process commit charge ("private bytes"): 339M, peak: 339M

vm_info: OpenJDK 64-Bit Server VM (17.0.8+7) for windows-amd64 JRE (17.0.8+7), built on Jul 18 2023 21:02:32 by "admin" with MS VC++ 16.7 (VS2019)

END.
