#
# A fatal error has been detected by the Java Runtime Environment:
#
#  EXCEPTION_UNCAUGHT_CXX_EXCEPTION (0xe06d7363) at pc=0x00007ffbfa004c3c, pid=9364, tid=7732
#
# JRE version:  (17.0.8+7) (build )
# Java VM: OpenJDK 64-Bit Server VM (17.0.8+7, mixed mode, tiered, compressed oops, compressed class ptrs, g1 gc, windows-amd64)
# Problematic frame:
# C  [KERNELBASE.dll+0x64c3c]
#
# No core dump will be written. Minidumps are not enabled by default on client versions of Windows
#
#

---------------  S U M M A R Y ------------

Command Line: -Dfile.encoding=UTF-8 --module-path=C:\Users\Kishore Naidu\eclipse-workspace\first\bin -XX:+ShowCodeDetailsInExceptionMessages -Djdk.module.main=first first/first.ram

Host: AMD Ryzen 7 4800H with Radeon Graphics         , 16 cores, 15G,  Windows 11 , 64 bit Build 22621 (10.0.22621.2070)
Time: Sat Aug 19 10:24:40 2023 India Standard Time elapsed time: 0.696452 seconds (0d 0h 0m 0s)

---------------  T H R E A D  ---------------

Current thread (0x000001b40b921c40):  JavaThread "main" [_thread_in_vm, id=7732, stack(0x000000b037300000,0x000000b037400000)]

Stack: [0x000000b037300000,0x000000b037400000],  sp=0x000000b0373fd160,  free space=1012k
Native frames: (J=compiled Java code, j=interpreted, Vv=VM code, C=native code)
C  [KERNELBASE.dll+0x64c3c]
C  [VCRUNTIME140.dll+0x6220]
C  [jimage.dll+0x32a7]
C  [jimage.dll+0x2a15]
C  [jimage.dll+0x145b]
C  [jimage.dll+0x1e97]
C  [jimage.dll+0x1f2e]
C  [jimage.dll+0x2666]
V  [jvm.dll+0x1f39cd]
V  [jvm.dll+0x1f25a2]
V  [jvm.dll+0x7b06ab]
V  [jvm.dll+0x7b1a52]
V  [jvm.dll+0x7b1d88]
V  [jvm.dll+0x23f76e]
V  [jvm.dll+0x23f9bf]
V  [jvm.dll+0x55d3f8]
V  [jvm.dll+0x5602a7]
V  [jvm.dll+0x385914]
V  [jvm.dll+0x384f7f]
C  0x000001b41644a503

Java frames: (J=compiled Java code, j=interpreted, Vv=VM code)
j  jdk.internal.access.SharedSecrets.<clinit>()V+0 java.base
v  ~StubRoutines::call_stub
j  java.lang.reflect.AccessibleObject.<clinit>()V+7 java.base
v  ~StubRoutines::call_stub

siginfo: EXCEPTION_UNCAUGHT_CXX_EXCEPTION (0xe06d7363), ExceptionInformation=0x0000000019930520 0x000000b0373fd2c0 0x00007ffbf3bc5138 0x00007ffbf3bc0000 


Register to memory mapping:

RIP=0x00007ffbfa004c3c KERNELBASE.dll
RAX=0x000001b400000002 is an unknown value
RBX=0x00007ffbf3bc5138 jimage.dll
RCX=0x000001b40b929a60 points into unknown readable memory: 0x0000000000000000 | 00 00 00 00 00 00 00 00
RDX=0x0000000100000002 is an unknown value
RSP=0x000000b0373fd160 is pointing into the stack for thread: 0x000001b40b921c40
RBP=0x000000b0373fd3f0 is pointing into the stack for thread: 0x000001b40b921c40
RSI=0x000000b0373fd2c0 is pointing into the stack for thread: 0x000001b40b921c40
RDI=0x0000000019930520 is an unknown value
R8 =0x000001b40b929cf0 points into unknown readable memory: 0x0000000000000000 | 00 00 00 00 00 00 00 00
R9 =0x0 is NULL
R10=0x000000080005d178 is a pointer to class: 
java.util.ImmutableCollections$MapN {0x000000080005d180}
 - instance size:     4
 - klass size:        116
 - access:            final synchronized 
 - state:             fully_initialized
 - name:              'java/util/ImmutableCollections$MapN'
 - super:             'java/util/ImmutableCollections$AbstractImmutableMap'
 - sub:               
 - arrays:            NULL
 - methods:           Array<T>(0x000001b42b155788)
 - method ordering:   Array<T>(0x000001b42b000018)
 - default_methods:   Array<T>(0x000001b42b157218)
 - default vtable indices:   Array<T>(0x000001b42b157228)
 - local interfaces:  Array<T>(0x000001b42b000058)
 - trans. interfaces: Array<T>(0x000001b42b1571e0)
 - constants:         constant pool [150] {0x000001b42b1551a8} for 'java/util/ImmutableCollections$MapN' cache=0x000001b42b157968
 - class loader data:  loader data: 0x000001b42aa53a10 of 'bootstrap'
 - source file:       'ImmutableCollections.java'
 - class annotations:       Array<T>(0x000001b42b156200)
 - class type annotations:  Array<T>(0x0000000000000000)
 - field annotations:       Array<T>(0x000001b42b155740)
 - field type annotations:  Array<T>(0x0000000000000000)
 - generic signature: '<K:Ljava/lang/Object;V:Ljava/lang/Object;>Ljava/util/ImmutableCollections$AbstractImmutableMap<TK;TV;>;'
 - inner classes:     Array<T>(0x000001b42b156210)
 - nest members:     Array<T>(0x000001b42b000028)
 - permitted subclasses:     Array<T>(0x000001b42b000028)
 - java mirror:       a 'java/lang/Class'{0x0000000718a08c30} = 'java/util/ImmutableCollections$MapN'
 - vtable length      28  (start addr: 0x000000080005d340)
 - itable length      29 (start addr: 0x000000080005d420)
 - ---- static fields (0 words):
 - ---- non-static fields (4 words):
 - transient 'keySet' 'Ljava/util/Set;' @12 
 - transient 'values' 'Ljava/util/Collection;' @16 
 - final synchronized 'size' 'I' @20 
 - final synchronized 'table' '[Ljava/lang/Object;' @24 
 - non-static oop maps: 12-16 24-24 
R11=0x0000000000000100 is an unknown value
R12=0x000000000000dc54 is an unknown value
R13=0x000001b40b922130 points into unknown readable memory: 0x6e616c2f6176616a | 6a 61 76 61 2f 6c 61 6e
R14=0x000001b42abf22f0 points into unknown readable memory: 0x01060005000c0400 | 00 04 0c 00 05 00 06 01
R15=0x000001b42abf22f0 points into unknown readable memory: 0x01060005000c0400 | 00 04 0c 00 05 00 06 01


Registers:
RAX=0x000001b400000002, RBX=0x00007ffbf3bc5138, RCX=0x000001b40b929a60, RDX=0x0000000100000002
RSP=0x000000b0373fd160, RBP=0x000000b0373fd3f0, RSI=0x000000b0373fd2c0, RDI=0x0000000019930520
R8 =0x000001b40b929cf0, R9 =0x0000000000000000, R10=0x000000080005d178, R11=0x0000000000000100
R12=0x000000000000dc54, R13=0x000001b40b922130, R14=0x000001b42abf22f0, R15=0x000001b42abf22f0
RIP=0x00007ffbfa004c3c, EFLAGS=0x0000000000000206

Top of Stack: (sp=0x000000b0373fd160)
0x000000b0373fd160:   0000000000000000 00007ffbf3bc5138
0x000000b0373fd170:   000000b0373fd2c0 0000000000000607
0x000000b0373fd180:   00000081e06d7363 0000000000000000
0x000000b0373fd190:   00007ffbfa004c3c 0000000000000004
0x000000b0373fd1a0:   0000000019930520 000000b0373fd2c0
0x000000b0373fd1b0:   00007ffbf3bc5138 00007ffbf3bc0000
0x000000b0373fd1c0:   000001b400000000 000000b000000002
0x000000b0373fd1d0:   0000000000000000 00007ffbf3bc5138
0x000000b0373fd1e0:   000001b42abf22f0 00007ffbfc6065cf
0x000000b0373fd1f0:   000000b0373fd260 00007ffbf3bc7000
0x000000b0373fd200:   000000b0373fd2c0 0000000019930520
0x000000b0373fd210:   00007ffbf3bc7000 00007ffbf3bc0000
0x000000b0373fd220:   0000af388ebc8d69 00007ffbf9fc3abb
0x000000b0373fd230:   00007ffbf3bc5138 00007ffbed356220
0x000000b0373fd240:   0000fc4682cbdd26 0000000000000010
0x000000b0373fd250:   0000000000000008 00007ffbf9a800b5 

Instructions: (pc=0x00007ffbfa004c3c)
0x00007ffbfa004b3c:   ff 4c 8d 05 74 49 2c 00 33 d2 b9 00 00 10 00 e8
0x00007ffbfa004b4c:   80 97 fd ff 4c 8b f0 48 89 44 24 58 48 85 c0 0f
0x00007ffbfa004b5c:   84 0b fe ff ff 4c 8d 05 38 49 2c 00 33 d2 8d 4a
0x00007ffbfa004b6c:   02 e8 5e 97 fd ff 48 8b f8 48 89 44 24 50 e9 ed
0x00007ffbfa004b7c:   fd ff ff 45 33 c0 49 8b d7 48 83 c9 ff e8 a2 64
0x00007ffbfa004b8c:   01 00 e9 08 ff ff ff 48 8b 0d 46 30 2f 00 e8 a1
0x00007ffbfa004b9c:   15 fd ff 48 8b cf e8 59 ef fb ff e9 f8 fe ff ff
0x00007ffbfa004bac:   49 8b ce e8 4c ef fb ff e9 f4 fe ff ff 48 8b ce
0x00007ffbfa004bbc:   e8 3f ef fb ff e9 f0 fe ff ff cc cc 71 18 d3 7a
0x00007ffbfa004bcc:   1a 87 89 f9 48 81 ec d8 00 00 00 48 8b 05 a2 03
0x00007ffbfa004bdc:   2f 00 48 33 c4 48 89 84 24 c0 00 00 00 48 83 64
0x00007ffbfa004bec:   24 28 00 48 8d 05 da ff ff ff 83 e2 01 89 4c 24
0x00007ffbfa004bfc:   20 89 54 24 24 48 89 44 24 30 4d 85 c9 74 4f b8
0x00007ffbfa004c0c:   0f 00 00 00 48 8d 4c 24 40 44 3b c0 49 8b d1 41
0x00007ffbfa004c1c:   0f 46 c0 44 8b c0 44 89 44 24 38 49 c1 e0 03 e8
0x00007ffbfa004c2c:   97 df 05 00 48 8d 4c 24 20 48 ff 15 14 a6 1f 00
0x00007ffbfa004c3c:   0f 1f 44 00 00 48 8b 8c 24 c0 00 00 00 48 33 cc
0x00007ffbfa004c4c:   e8 2f 26 05 00 48 81 c4 d8 00 00 00 c3 cc 83 64
0x00007ffbfa004c5c:   24 38 00 eb cf cc cc cc cc cc cc cc 48 8b c4 48
0x00007ffbfa004c6c:   89 58 08 48 89 70 10 48 89 78 18 4c 89 68 20 55
0x00007ffbfa004c7c:   41 56 41 57 48 8d 68 a1 48 81 ec e0 00 00 00 48
0x00007ffbfa004c8c:   8b 05 ee 02 2f 00 48 33 c4 48 89 45 3f 45 33 ff
0x00007ffbfa004c9c:   66 c7 45 2b 00 05 48 8d 45 c7 44 89 7d 27 48 89
0x00007ffbfa004cac:   44 24 50 48 8d 4d 27 44 89 7c 24 48 45 33 c9 44
0x00007ffbfa004cbc:   89 7c 24 40 45 8d 47 12 44 89 7c 24 38 b2 01 44
0x00007ffbfa004ccc:   89 7c 24 30 41 8b df 44 89 7c 24 28 41 8b ff 44
0x00007ffbfa004cdc:   89 7c 24 20 45 8b f7 44 89 7d 2f 66 c7 45 33 00
0x00007ffbfa004cec:   01 44 89 7d 37 66 c7 45 3b 00 10 4c 89 7d c7 4c
0x00007ffbfa004cfc:   89 7d cf 4c 89 7d d7 4c 89 7d df 48 ff 15 62 a6
0x00007ffbfa004d0c:   1f 00 0f 1f 44 00 00 85 c0 0f 88 a7 02 00 00 48
0x00007ffbfa004d1c:   8d 45 cf 41 b9 20 02 00 00 48 89 44 24 50 45 8d
0x00007ffbfa004d2c:   6f 02 44 89 7c 24 48 45 8d 47 20 44 89 7c 24 40 


Stack slot to memory mapping:
stack at sp + 0 slots: 0x0 is NULL
stack at sp + 1 slots: 0x00007ffbf3bc5138 jimage.dll
stack at sp + 2 slots: 0x000000b0373fd2c0 is pointing into the stack for thread: 0x000001b40b921c40
stack at sp + 3 slots: 0x0000000000000607 is an unknown value
stack at sp + 4 slots: 0x00000081e06d7363 is an unknown value
stack at sp + 5 slots: 0x0 is NULL
stack at sp + 6 slots: 0x00007ffbfa004c3c KERNELBASE.dll
stack at sp + 7 slots: 0x0000000000000004 is an unknown value


---------------  P R O C E S S  ---------------

Threads class SMR info:
_java_thread_list=0x000001b42abe9c80, length=1, elements={
0x000001b40b921c40
}

Java Threads: ( => current thread )
=>0x000001b40b921c40 JavaThread "main" [_thread_in_vm, id=7732, stack(0x000000b037300000,0x000000b037400000)]

Other Threads:
  0x000001b42ab9b7a0 VMThread "VM Thread" [stack: 0x000000b037900000,0x000000b037a00000] [id=30300]
  0x000001b40b98f4b0 GCTaskThread "GC Thread#0" [stack: 0x000000b037400000,0x000000b037500000] [id=29876]
  0x000001b40b99fac0 ConcurrentGCThread "G1 Main Marker" [stack: 0x000000b037500000,0x000000b037600000] [id=29880]
  0x000001b40b9a04d0 ConcurrentGCThread "G1 Conc#0" [stack: 0x000000b037600000,0x000000b037700000] [id=29884]
  0x000001b40b9decc0 ConcurrentGCThread "G1 Refine#0" [stack: 0x000000b037700000,0x000000b037800000] [id=30148]
  0x000001b42aa3c7f0 ConcurrentGCThread "G1 Service" [stack: 0x000000b037800000,0x000000b037900000] [id=30152]

Threads with active compile tasks:

VM state: not at safepoint (normal execution)

VM Mutex/Monitor currently owned by a thread: None

Heap address: 0x0000000709400000, size: 3948 MB, Compressed Oops mode: Zero based, Oop shift amount: 3

CDS archive(s) not mapped
Compressed class space mapped at: 0x0000000800000000-0x0000000840000000, reserved size: 1073741824
Narrow klass base: 0x0000000800000000, Narrow klass shift: 0, Narrow klass range: 0x40000000

GC Precious Log:
 CPUs: 16 total, 16 available
 Memory: 15790M
 Large Page Support: Disabled
 NUMA Support: Disabled
 Compressed Oops: Enabled (Zero based)
 Heap Region Size: 2M
 Heap Min Capacity: 8M
 Heap Initial Capacity: 248M
 Heap Max Capacity: 3948M
 Pre-touch: Disabled
 Parallel Workers: 13
 Concurrent Workers: 3
 Concurrent Refinement Workers: 13
 Periodic GC: Disabled

Heap:
 garbage-first heap   total 253952K, used 0K [0x0000000709400000, 0x0000000800000000)
  region size 2048K, 1 young (2048K), 0 survivors (0K)
 Metaspace       used 1528K, committed 1600K, reserved 1114112K
  class space    used 119K, committed 128K, reserved 1048576K

Heap Regions: E=young(eden), S=young(survivor), O=old, HS=humongous(starts), HC=humongous(continues), CS=collection set, F=free, OA=open archive, CA=closed archive, TAMS=top-at-mark-start (previous, next)
|   0|0x0000000709400000, 0x0000000709400000, 0x0000000709600000|  0%| F|  |TAMS 0x0000000709400000, 0x0000000709400000| Untracked 
|   1|0x0000000709600000, 0x0000000709600000, 0x0000000709800000|  0%| F|  |TAMS 0x0000000709600000, 0x0000000709600000| Untracked 
|   2|0x0000000709800000, 0x0000000709800000, 0x0000000709a00000|  0%| F|  |TAMS 0x0000000709800000, 0x0000000709800000| Untracked 
|   3|0x0000000709a00000, 0x0000000709a00000, 0x0000000709c00000|  0%| F|  |TAMS 0x0000000709a00000, 0x0000000709a00000| Untracked 
|   4|0x0000000709c00000, 0x0000000709c00000, 0x0000000709e00000|  0%| F|  |TAMS 0x0000000709c00000, 0x0000000709c00000| Untracked 
|   5|0x0000000709e00000, 0x0000000709e00000, 0x000000070a000000|  0%| F|  |TAMS 0x0000000709e00000, 0x0000000709e00000| Untracked 
|   6|0x000000070a000000, 0x000000070a000000, 0x000000070a200000|  0%| F|  |TAMS 0x000000070a000000, 0x000000070a000000| Untracked 
|   7|0x000000070a200000, 0x000000070a200000, 0x000000070a400000|  0%| F|  |TAMS 0x000000070a200000, 0x000000070a200000| Untracked 
|   8|0x000000070a400000, 0x000000070a400000, 0x000000070a600000|  0%| F|  |TAMS 0x000000070a400000, 0x000000070a400000| Untracked 
|   9|0x000000070a600000, 0x000000070a600000, 0x000000070a800000|  0%| F|  |TAMS 0x000000070a600000, 0x000000070a600000| Untracked 
|  10|0x000000070a800000, 0x000000070a800000, 0x000000070aa00000|  0%| F|  |TAMS 0x000000070a800000, 0x000000070a800000| Untracked 
|  11|0x000000070aa00000, 0x000000070aa00000, 0x000000070ac00000|  0%| F|  |TAMS 0x000000070aa00000, 0x000000070aa00000| Untracked 
|  12|0x000000070ac00000, 0x000000070ac00000, 0x000000070ae00000|  0%| F|  |TAMS 0x000000070ac00000, 0x000000070ac00000| Untracked 
|  13|0x000000070ae00000, 0x000000070ae00000, 0x000000070b000000|  0%| F|  |TAMS 0x000000070ae00000, 0x000000070ae00000| Untracked 
|  14|0x000000070b000000, 0x000000070b000000, 0x000000070b200000|  0%| F|  |TAMS 0x000000070b000000, 0x000000070b000000| Untracked 
|  15|0x000000070b200000, 0x000000070b200000, 0x000000070b400000|  0%| F|  |TAMS 0x000000070b200000, 0x000000070b200000| Untracked 
|  16|0x000000070b400000, 0x000000070b400000, 0x000000070b600000|  0%| F|  |TAMS 0x000000070b400000, 0x000000070b400000| Untracked 
|  17|0x000000070b600000, 0x000000070b600000, 0x000000070b800000|  0%| F|  |TAMS 0x000000070b600000, 0x000000070b600000| Untracked 
|  18|0x000000070b800000, 0x000000070b800000, 0x000000070ba00000|  0%| F|  |TAMS 0x000000070b800000, 0x000000070b800000| Untracked 
|  19|0x000000070ba00000, 0x000000070ba00000, 0x000000070bc00000|  0%| F|  |TAMS 0x000000070ba00000, 0x000000070ba00000| Untracked 
|  20|0x000000070bc00000, 0x000000070bc00000, 0x000000070be00000|  0%| F|  |TAMS 0x000000070bc00000, 0x000000070bc00000| Untracked 
|  21|0x000000070be00000, 0x000000070be00000, 0x000000070c000000|  0%| F|  |TAMS 0x000000070be00000, 0x000000070be00000| Untracked 
|  22|0x000000070c000000, 0x000000070c000000, 0x000000070c200000|  0%| F|  |TAMS 0x000000070c000000, 0x000000070c000000| Untracked 
|  23|0x000000070c200000, 0x000000070c200000, 0x000000070c400000|  0%| F|  |TAMS 0x000000070c200000, 0x000000070c200000| Untracked 
|  24|0x000000070c400000, 0x000000070c400000, 0x000000070c600000|  0%| F|  |TAMS 0x000000070c400000, 0x000000070c400000| Untracked 
|  25|0x000000070c600000, 0x000000070c600000, 0x000000070c800000|  0%| F|  |TAMS 0x000000070c600000, 0x000000070c600000| Untracked 
|  26|0x000000070c800000, 0x000000070c800000, 0x000000070ca00000|  0%| F|  |TAMS 0x000000070c800000, 0x000000070c800000| Untracked 
|  27|0x000000070ca00000, 0x000000070ca00000, 0x000000070cc00000|  0%| F|  |TAMS 0x000000070ca00000, 0x000000070ca00000| Untracked 
|  28|0x000000070cc00000, 0x000000070cc00000, 0x000000070ce00000|  0%| F|  |TAMS 0x000000070cc00000, 0x000000070cc00000| Untracked 
|  29|0x000000070ce00000, 0x000000070ce00000, 0x000000070d000000|  0%| F|  |TAMS 0x000000070ce00000, 0x000000070ce00000| Untracked 
|  30|0x000000070d000000, 0x000000070d000000, 0x000000070d200000|  0%| F|  |TAMS 0x000000070d000000, 0x000000070d000000| Untracked 
|  31|0x000000070d200000, 0x000000070d200000, 0x000000070d400000|  0%| F|  |TAMS 0x000000070d200000, 0x000000070d200000| Untracked 
|  32|0x000000070d400000, 0x000000070d400000, 0x000000070d600000|  0%| F|  |TAMS 0x000000070d400000, 0x000000070d400000| Untracked 
|  33|0x000000070d600000, 0x000000070d600000, 0x000000070d800000|  0%| F|  |TAMS 0x000000070d600000, 0x000000070d600000| Untracked 
|  34|0x000000070d800000, 0x000000070d800000, 0x000000070da00000|  0%| F|  |TAMS 0x000000070d800000, 0x000000070d800000| Untracked 
|  35|0x000000070da00000, 0x000000070da00000, 0x000000070dc00000|  0%| F|  |TAMS 0x000000070da00000, 0x000000070da00000| Untracked 
|  36|0x000000070dc00000, 0x000000070dc00000, 0x000000070de00000|  0%| F|  |TAMS 0x000000070dc00000, 0x000000070dc00000| Untracked 
|  37|0x000000070de00000, 0x000000070de00000, 0x000000070e000000|  0%| F|  |TAMS 0x000000070de00000, 0x000000070de00000| Untracked 
|  38|0x000000070e000000, 0x000000070e000000, 0x000000070e200000|  0%| F|  |TAMS 0x000000070e000000, 0x000000070e000000| Untracked 
|  39|0x000000070e200000, 0x000000070e200000, 0x000000070e400000|  0%| F|  |TAMS 0x000000070e200000, 0x000000070e200000| Untracked 
|  40|0x000000070e400000, 0x000000070e400000, 0x000000070e600000|  0%| F|  |TAMS 0x000000070e400000, 0x000000070e400000| Untracked 
|  41|0x000000070e600000, 0x000000070e600000, 0x000000070e800000|  0%| F|  |TAMS 0x000000070e600000, 0x000000070e600000| Untracked 
|  42|0x000000070e800000, 0x000000070e800000, 0x000000070ea00000|  0%| F|  |TAMS 0x000000070e800000, 0x000000070e800000| Untracked 
|  43|0x000000070ea00000, 0x000000070ea00000, 0x000000070ec00000|  0%| F|  |TAMS 0x000000070ea00000, 0x000000070ea00000| Untracked 
|  44|0x000000070ec00000, 0x000000070ec00000, 0x000000070ee00000|  0%| F|  |TAMS 0x000000070ec00000, 0x000000070ec00000| Untracked 
|  45|0x000000070ee00000, 0x000000070ee00000, 0x000000070f000000|  0%| F|  |TAMS 0x000000070ee00000, 0x000000070ee00000| Untracked 
|  46|0x000000070f000000, 0x000000070f000000, 0x000000070f200000|  0%| F|  |TAMS 0x000000070f000000, 0x000000070f000000| Untracked 
|  47|0x000000070f200000, 0x000000070f200000, 0x000000070f400000|  0%| F|  |TAMS 0x000000070f200000, 0x000000070f200000| Untracked 
|  48|0x000000070f400000, 0x000000070f400000, 0x000000070f600000|  0%| F|  |TAMS 0x000000070f400000, 0x000000070f400000| Untracked 
|  49|0x000000070f600000, 0x000000070f600000, 0x000000070f800000|  0%| F|  |TAMS 0x000000070f600000, 0x000000070f600000| Untracked 
|  50|0x000000070f800000, 0x000000070f800000, 0x000000070fa00000|  0%| F|  |TAMS 0x000000070f800000, 0x000000070f800000| Untracked 
|  51|0x000000070fa00000, 0x000000070fa00000, 0x000000070fc00000|  0%| F|  |TAMS 0x000000070fa00000, 0x000000070fa00000| Untracked 
|  52|0x000000070fc00000, 0x000000070fc00000, 0x000000070fe00000|  0%| F|  |TAMS 0x000000070fc00000, 0x000000070fc00000| Untracked 
|  53|0x000000070fe00000, 0x000000070fe00000, 0x0000000710000000|  0%| F|  |TAMS 0x000000070fe00000, 0x000000070fe00000| Untracked 
|  54|0x0000000710000000, 0x0000000710000000, 0x0000000710200000|  0%| F|  |TAMS 0x0000000710000000, 0x0000000710000000| Untracked 
|  55|0x0000000710200000, 0x0000000710200000, 0x0000000710400000|  0%| F|  |TAMS 0x0000000710200000, 0x0000000710200000| Untracked 
|  56|0x0000000710400000, 0x0000000710400000, 0x0000000710600000|  0%| F|  |TAMS 0x0000000710400000, 0x0000000710400000| Untracked 
|  57|0x0000000710600000, 0x0000000710600000, 0x0000000710800000|  0%| F|  |TAMS 0x0000000710600000, 0x0000000710600000| Untracked 
|  58|0x0000000710800000, 0x0000000710800000, 0x0000000710a00000|  0%| F|  |TAMS 0x0000000710800000, 0x0000000710800000| Untracked 
|  59|0x0000000710a00000, 0x0000000710a00000, 0x0000000710c00000|  0%| F|  |TAMS 0x0000000710a00000, 0x0000000710a00000| Untracked 
|  60|0x0000000710c00000, 0x0000000710c00000, 0x0000000710e00000|  0%| F|  |TAMS 0x0000000710c00000, 0x0000000710c00000| Untracked 
|  61|0x0000000710e00000, 0x0000000710e00000, 0x0000000711000000|  0%| F|  |TAMS 0x0000000710e00000, 0x0000000710e00000| Untracked 
|  62|0x0000000711000000, 0x0000000711000000, 0x0000000711200000|  0%| F|  |TAMS 0x0000000711000000, 0x0000000711000000| Untracked 
|  63|0x0000000711200000, 0x0000000711200000, 0x0000000711400000|  0%| F|  |TAMS 0x0000000711200000, 0x0000000711200000| Untracked 
|  64|0x0000000711400000, 0x0000000711400000, 0x0000000711600000|  0%| F|  |TAMS 0x0000000711400000, 0x0000000711400000| Untracked 
|  65|0x0000000711600000, 0x0000000711600000, 0x0000000711800000|  0%| F|  |TAMS 0x0000000711600000, 0x0000000711600000| Untracked 
|  66|0x0000000711800000, 0x0000000711800000, 0x0000000711a00000|  0%| F|  |TAMS 0x0000000711800000, 0x0000000711800000| Untracked 
|  67|0x0000000711a00000, 0x0000000711a00000, 0x0000000711c00000|  0%| F|  |TAMS 0x0000000711a00000, 0x0000000711a00000| Untracked 
|  68|0x0000000711c00000, 0x0000000711c00000, 0x0000000711e00000|  0%| F|  |TAMS 0x0000000711c00000, 0x0000000711c00000| Untracked 
|  69|0x0000000711e00000, 0x0000000711e00000, 0x0000000712000000|  0%| F|  |TAMS 0x0000000711e00000, 0x0000000711e00000| Untracked 
|  70|0x0000000712000000, 0x0000000712000000, 0x0000000712200000|  0%| F|  |TAMS 0x0000000712000000, 0x0000000712000000| Untracked 
|  71|0x0000000712200000, 0x0000000712200000, 0x0000000712400000|  0%| F|  |TAMS 0x0000000712200000, 0x0000000712200000| Untracked 
|  72|0x0000000712400000, 0x0000000712400000, 0x0000000712600000|  0%| F|  |TAMS 0x0000000712400000, 0x0000000712400000| Untracked 
|  73|0x0000000712600000, 0x0000000712600000, 0x0000000712800000|  0%| F|  |TAMS 0x0000000712600000, 0x0000000712600000| Untracked 
|  74|0x0000000712800000, 0x0000000712800000, 0x0000000712a00000|  0%| F|  |TAMS 0x0000000712800000, 0x0000000712800000| Untracked 
|  75|0x0000000712a00000, 0x0000000712a00000, 0x0000000712c00000|  0%| F|  |TAMS 0x0000000712a00000, 0x0000000712a00000| Untracked 
|  76|0x0000000712c00000, 0x0000000712c00000, 0x0000000712e00000|  0%| F|  |TAMS 0x0000000712c00000, 0x0000000712c00000| Untracked 
|  77|0x0000000712e00000, 0x0000000712e00000, 0x0000000713000000|  0%| F|  |TAMS 0x0000000712e00000, 0x0000000712e00000| Untracked 
|  78|0x0000000713000000, 0x0000000713000000, 0x0000000713200000|  0%| F|  |TAMS 0x0000000713000000, 0x0000000713000000| Untracked 
|  79|0x0000000713200000, 0x0000000713200000, 0x0000000713400000|  0%| F|  |TAMS 0x0000000713200000, 0x0000000713200000| Untracked 
|  80|0x0000000713400000, 0x0000000713400000, 0x0000000713600000|  0%| F|  |TAMS 0x0000000713400000, 0x0000000713400000| Untracked 
|  81|0x0000000713600000, 0x0000000713600000, 0x0000000713800000|  0%| F|  |TAMS 0x0000000713600000, 0x0000000713600000| Untracked 
|  82|0x0000000713800000, 0x0000000713800000, 0x0000000713a00000|  0%| F|  |TAMS 0x0000000713800000, 0x0000000713800000| Untracked 
|  83|0x0000000713a00000, 0x0000000713a00000, 0x0000000713c00000|  0%| F|  |TAMS 0x0000000713a00000, 0x0000000713a00000| Untracked 
|  84|0x0000000713c00000, 0x0000000713c00000, 0x0000000713e00000|  0%| F|  |TAMS 0x0000000713c00000, 0x0000000713c00000| Untracked 
|  85|0x0000000713e00000, 0x0000000713e00000, 0x0000000714000000|  0%| F|  |TAMS 0x0000000713e00000, 0x0000000713e00000| Untracked 
|  86|0x0000000714000000, 0x0000000714000000, 0x0000000714200000|  0%| F|  |TAMS 0x0000000714000000, 0x0000000714000000| Untracked 
|  87|0x0000000714200000, 0x0000000714200000, 0x0000000714400000|  0%| F|  |TAMS 0x0000000714200000, 0x0000000714200000| Untracked 
|  88|0x0000000714400000, 0x0000000714400000, 0x0000000714600000|  0%| F|  |TAMS 0x0000000714400000, 0x0000000714400000| Untracked 
|  89|0x0000000714600000, 0x0000000714600000, 0x0000000714800000|  0%| F|  |TAMS 0x0000000714600000, 0x0000000714600000| Untracked 
|  90|0x0000000714800000, 0x0000000714800000, 0x0000000714a00000|  0%| F|  |TAMS 0x0000000714800000, 0x0000000714800000| Untracked 
|  91|0x0000000714a00000, 0x0000000714a00000, 0x0000000714c00000|  0%| F|  |TAMS 0x0000000714a00000, 0x0000000714a00000| Untracked 
|  92|0x0000000714c00000, 0x0000000714c00000, 0x0000000714e00000|  0%| F|  |TAMS 0x0000000714c00000, 0x0000000714c00000| Untracked 
|  93|0x0000000714e00000, 0x0000000714e00000, 0x0000000715000000|  0%| F|  |TAMS 0x0000000714e00000, 0x0000000714e00000| Untracked 
|  94|0x0000000715000000, 0x0000000715000000, 0x0000000715200000|  0%| F|  |TAMS 0x0000000715000000, 0x0000000715000000| Untracked 
|  95|0x0000000715200000, 0x0000000715200000, 0x0000000715400000|  0%| F|  |TAMS 0x0000000715200000, 0x0000000715200000| Untracked 
|  96|0x0000000715400000, 0x0000000715400000, 0x0000000715600000|  0%| F|  |TAMS 0x0000000715400000, 0x0000000715400000| Untracked 
|  97|0x0000000715600000, 0x0000000715600000, 0x0000000715800000|  0%| F|  |TAMS 0x0000000715600000, 0x0000000715600000| Untracked 
|  98|0x0000000715800000, 0x0000000715800000, 0x0000000715a00000|  0%| F|  |TAMS 0x0000000715800000, 0x0000000715800000| Untracked 
|  99|0x0000000715a00000, 0x0000000715a00000, 0x0000000715c00000|  0%| F|  |TAMS 0x0000000715a00000, 0x0000000715a00000| Untracked 
| 100|0x0000000715c00000, 0x0000000715c00000, 0x0000000715e00000|  0%| F|  |TAMS 0x0000000715c00000, 0x0000000715c00000| Untracked 
| 101|0x0000000715e00000, 0x0000000715e00000, 0x0000000716000000|  0%| F|  |TAMS 0x0000000715e00000, 0x0000000715e00000| Untracked 
| 102|0x0000000716000000, 0x0000000716000000, 0x0000000716200000|  0%| F|  |TAMS 0x0000000716000000, 0x0000000716000000| Untracked 
| 103|0x0000000716200000, 0x0000000716200000, 0x0000000716400000|  0%| F|  |TAMS 0x0000000716200000, 0x0000000716200000| Untracked 
| 104|0x0000000716400000, 0x0000000716400000, 0x0000000716600000|  0%| F|  |TAMS 0x0000000716400000, 0x0000000716400000| Untracked 
| 105|0x0000000716600000, 0x0000000716600000, 0x0000000716800000|  0%| F|  |TAMS 0x0000000716600000, 0x0000000716600000| Untracked 
| 106|0x0000000716800000, 0x0000000716800000, 0x0000000716a00000|  0%| F|  |TAMS 0x0000000716800000, 0x0000000716800000| Untracked 
| 107|0x0000000716a00000, 0x0000000716a00000, 0x0000000716c00000|  0%| F|  |TAMS 0x0000000716a00000, 0x0000000716a00000| Untracked 
| 108|0x0000000716c00000, 0x0000000716c00000, 0x0000000716e00000|  0%| F|  |TAMS 0x0000000716c00000, 0x0000000716c00000| Untracked 
| 109|0x0000000716e00000, 0x0000000716e00000, 0x0000000717000000|  0%| F|  |TAMS 0x0000000716e00000, 0x0000000716e00000| Untracked 
| 110|0x0000000717000000, 0x0000000717000000, 0x0000000717200000|  0%| F|  |TAMS 0x0000000717000000, 0x0000000717000000| Untracked 
| 111|0x0000000717200000, 0x0000000717200000, 0x0000000717400000|  0%| F|  |TAMS 0x0000000717200000, 0x0000000717200000| Untracked 
| 112|0x0000000717400000, 0x0000000717400000, 0x0000000717600000|  0%| F|  |TAMS 0x0000000717400000, 0x0000000717400000| Untracked 
| 113|0x0000000717600000, 0x0000000717600000, 0x0000000717800000|  0%| F|  |TAMS 0x0000000717600000, 0x0000000717600000| Untracked 
| 114|0x0000000717800000, 0x0000000717800000, 0x0000000717a00000|  0%| F|  |TAMS 0x0000000717800000, 0x0000000717800000| Untracked 
| 115|0x0000000717a00000, 0x0000000717a00000, 0x0000000717c00000|  0%| F|  |TAMS 0x0000000717a00000, 0x0000000717a00000| Untracked 
| 116|0x0000000717c00000, 0x0000000717c00000, 0x0000000717e00000|  0%| F|  |TAMS 0x0000000717c00000, 0x0000000717c00000| Untracked 
| 117|0x0000000717e00000, 0x0000000717e00000, 0x0000000718000000|  0%| F|  |TAMS 0x0000000717e00000, 0x0000000717e00000| Untracked 
| 118|0x0000000718000000, 0x0000000718000000, 0x0000000718200000|  0%| F|  |TAMS 0x0000000718000000, 0x0000000718000000| Untracked 
| 119|0x0000000718200000, 0x0000000718200000, 0x0000000718400000|  0%| F|  |TAMS 0x0000000718200000, 0x0000000718200000| Untracked 
| 120|0x0000000718400000, 0x0000000718400000, 0x0000000718600000|  0%| F|  |TAMS 0x0000000718400000, 0x0000000718400000| Untracked 
| 121|0x0000000718600000, 0x0000000718600000, 0x0000000718800000|  0%| F|  |TAMS 0x0000000718600000, 0x0000000718600000| Untracked 
| 122|0x0000000718800000, 0x0000000718800000, 0x0000000718a00000|  0%| F|  |TAMS 0x0000000718800000, 0x0000000718800000| Untracked 
| 123|0x0000000718a00000, 0x0000000718a70aa8, 0x0000000718c00000| 22%| E|  |TAMS 0x0000000718a00000, 0x0000000718a00000| Complete 

Card table byte_map: [0x000001b41f020000,0x000001b41f7e0000] _byte_map_base: 0x000001b41b7d6000

Marking Bits (Prev, Next): (CMBitMap*) 0x000001b40b98fad0, (CMBitMap*) 0x000001b40b98fb10
 Prev Bits: [0x000001b41ffa0000, 0x000001b423d50000)
 Next Bits: [0x000001b423d50000, 0x000001b427b00000)

Polling page: 0x000001b40b0e0000

Metaspace:

Usage:
  Non-class:      1.38 MB used.
      Class:    119.06 KB used.
       Both:      1.49 MB used.

Virtual space:
  Non-class space:       64.00 MB reserved,       1.44 MB (  2%) committed,  1 nodes.
      Class space:        1.00 GB reserved,     128.00 KB ( <1%) committed,  1 nodes.
             Both:        1.06 GB reserved,       1.56 MB ( <1%) committed. 

Chunk freelists:
   Non-Class:  12.00 MB
       Class:  15.75 MB
        Both:  27.75 MB

MaxMetaspaceSize: unlimited
CompressedClassSpaceSize: 1.00 GB
Initial GC threshold: 21.00 MB
Current GC threshold: 17179869184.00 GB
CDS: off
MetaspaceReclaimPolicy: balanced
 - commit_granule_bytes: 65536.
 - commit_granule_words: 8192.
 - virtual_space_node_default_size: 8388608.
 - enlarge_chunks_in_place: 1.
 - new_chunks_are_fully_committed: 0.
 - uncommit_free_chunks: 1.
 - use_allocation_guard: 0.
 - handle_deallocations: 1.


Internal statistics:

num_allocs_failed_limit: 0.
num_arena_births: 2.
num_arena_deaths: 0.
num_vsnodes_births: 2.
num_vsnodes_deaths: 0.
num_space_committed: 25.
num_space_uncommitted: 0.
num_chunks_returned_to_freelist: 0.
num_chunks_taken_from_freelist: 3.
num_chunk_merges: 0.
num_chunk_splits: 2.
num_chunks_enlarged: 0.
num_inconsistent_stats: 0.

CodeHeap 'non-profiled nmethods': size=119168Kb used=0Kb max_used=0Kb free=119168Kb
 bounds [0x000001b416b80000, 0x000001b416df0000, 0x000001b41dfe0000]
CodeHeap 'profiled nmethods': size=119104Kb used=0Kb max_used=0Kb free=119104Kb
 bounds [0x000001b40efe0000, 0x000001b40f250000, 0x000001b416430000]
CodeHeap 'non-nmethods': size=7488Kb used=336Kb max_used=354Kb free=7151Kb
 bounds [0x000001b416430000, 0x000001b4166a0000, 0x000001b416b80000]
 total_blobs=115 nmethods=0 adapters=88
 compilation: enabled
              stopped_count=0, restarted_count=0
 full_count=0

Compilation events (0 events):
No events

GC Heap History (0 events):
No events

Dll operation events (1 events):
Event: 0.056 Loaded shared library C:\Users\Kishore Naidu\.p2\pool\plugins\org.eclipse.justj.openjdk.hotspot.jre.full.win32.x86_64_17.0.8.v20230801-1951\jre\bin\java.dll

Deoptimization events (0 events):
No events

Classes unloaded (0 events):
No events

Classes redefined (0 events):
No events

Internal exceptions (0 events):
No events

VM Operations (0 events):
No events

Events (20 events):
Event: 0.666 loading class java/util/Objects done
Event: 0.666 loading class java/util/ImmutableCollections
Event: 0.666 loading class java/util/ImmutableCollections done
Event: 0.666 loading class java/util/ImmutableCollections$ListN
Event: 0.667 loading class java/util/ImmutableCollections$AbstractImmutableList
Event: 0.667 loading class java/util/ImmutableCollections$AbstractImmutableList done
Event: 0.667 loading class java/util/ImmutableCollections$ListN done
Event: 0.668 loading class java/util/ImmutableCollections$SetN
Event: 0.668 loading class java/util/ImmutableCollections$SetN done
Event: 0.668 loading class java/util/ImmutableCollections$MapN
Event: 0.668 loading class java/util/ImmutableCollections$AbstractImmutableMap
Event: 0.668 loading class java/util/ImmutableCollections$AbstractImmutableMap done
Event: 0.668 loading class java/util/ImmutableCollections$MapN done
Event: 0.669 loading class java/lang/reflect/ReflectAccess
Event: 0.669 loading class jdk/internal/access/JavaLangReflectAccess
Event: 0.670 loading class jdk/internal/access/JavaLangReflectAccess done
Event: 0.670 loading class java/lang/reflect/ReflectAccess done
Event: 0.670 loading class jdk/internal/access/SharedSecrets
Event: 0.671 loading class jdk/internal/access/SharedSecrets done
Event: 0.671 loading class java/lang/invoke/MethodHandles


Dynamic libraries:
0x00007ff6ae900000 - 0x00007ff6ae90e000 	C:\Users\Kishore Naidu\.p2\pool\plugins\org.eclipse.justj.openjdk.hotspot.jre.full.win32.x86_64_17.0.8.v20230801-1951\jre\bin\javaw.exe
0x00007ffbfc590000 - 0x00007ffbfc7a4000 	C:\WINDOWS\SYSTEM32\ntdll.dll
0x00007ffbfb610000 - 0x00007ffbfb6d4000 	C:\WINDOWS\System32\KERNEL32.DLL
0x00007ffbf9fa0000 - 0x00007ffbfa344000 	C:\WINDOWS\System32\KERNELBASE.dll
0x00007ffbf9a60000 - 0x00007ffbf9b71000 	C:\WINDOWS\System32\ucrtbase.dll
0x00007ffbe6130000 - 0x00007ffbe6147000 	C:\Users\Kishore Naidu\.p2\pool\plugins\org.eclipse.justj.openjdk.hotspot.jre.full.win32.x86_64_17.0.8.v20230801-1951\jre\bin\jli.dll
0x00007ffbed350000 - 0x00007ffbed369000 	C:\Users\Kishore Naidu\.p2\pool\plugins\org.eclipse.justj.openjdk.hotspot.jre.full.win32.x86_64_17.0.8.v20230801-1951\jre\bin\VCRUNTIME140.dll
0x00007ffbeac50000 - 0x00007ffbeaedf000 	C:\WINDOWS\WinSxS\amd64_microsoft.windows.common-controls_6595b64144ccf1df_6.0.22621.2070_none_2713e6537381f706\COMCTL32.dll
0x00007ffbfc260000 - 0x00007ffbfc40a000 	C:\WINDOWS\System32\USER32.dll
0x00007ffbfaf70000 - 0x00007ffbfb017000 	C:\WINDOWS\System32\msvcrt.dll
0x00007ffbf9f70000 - 0x00007ffbf9f96000 	C:\WINDOWS\System32\win32u.dll
0x00007ffbfc410000 - 0x00007ffbfc439000 	C:\WINDOWS\System32\GDI32.dll
0x00007ffbf9b80000 - 0x00007ffbf9c99000 	C:\WINDOWS\System32\gdi32full.dll
0x00007ffbf9d60000 - 0x00007ffbf9dfa000 	C:\WINDOWS\System32\msvcp_win.dll
0x00007ffbfb020000 - 0x00007ffbfb051000 	C:\WINDOWS\System32\IMM32.DLL
0x00007ffbef830000 - 0x00007ffbef83c000 	C:\Users\Kishore Naidu\.p2\pool\plugins\org.eclipse.justj.openjdk.hotspot.jre.full.win32.x86_64_17.0.8.v20230801-1951\jre\bin\vcruntime140_1.dll
0x00007ffbe32a0000 - 0x00007ffbe3331000 	C:\Users\Kishore Naidu\.p2\pool\plugins\org.eclipse.justj.openjdk.hotspot.jre.full.win32.x86_64_17.0.8.v20230801-1951\jre\bin\msvcp140.dll
0x00007ffbaa780000 - 0x00007ffbab3cc000 	C:\Users\Kishore Naidu\.p2\pool\plugins\org.eclipse.justj.openjdk.hotspot.jre.full.win32.x86_64_17.0.8.v20230801-1951\jre\bin\server\jvm.dll
0x00007ffbfb6e0000 - 0x00007ffbfb790000 	C:\WINDOWS\System32\ADVAPI32.dll
0x00007ffbfac10000 - 0x00007ffbfacb6000 	C:\WINDOWS\System32\sechost.dll
0x00007ffbfc090000 - 0x00007ffbfc1a7000 	C:\WINDOWS\System32\RPCRT4.dll
0x00007ffbf8860000 - 0x00007ffbf88ad000 	C:\WINDOWS\SYSTEM32\POWRPROF.dll
0x00007ffbf1250000 - 0x00007ffbf1259000 	C:\WINDOWS\SYSTEM32\WSOCK32.dll
0x00007ffbfa370000 - 0x00007ffbfa3e1000 	C:\WINDOWS\System32\WS2_32.dll
0x00007ffbf0e70000 - 0x00007ffbf0e7a000 	C:\WINDOWS\SYSTEM32\VERSION.dll
0x00007ffbf29c0000 - 0x00007ffbf29f4000 	C:\WINDOWS\SYSTEM32\WINMM.dll
0x00007ffbf8840000 - 0x00007ffbf8853000 	C:\WINDOWS\SYSTEM32\UMPDC.dll
0x00007ffbf8aa0000 - 0x00007ffbf8ab8000 	C:\WINDOWS\SYSTEM32\kernel.appcore.dll
0x00007ffbf3bc0000 - 0x00007ffbf3bca000 	C:\Users\Kishore Naidu\.p2\pool\plugins\org.eclipse.justj.openjdk.hotspot.jre.full.win32.x86_64_17.0.8.v20230801-1951\jre\bin\jimage.dll
0x00007ffbf1590000 - 0x00007ffbf17be000 	C:\WINDOWS\SYSTEM32\DBGHELP.DLL
0x00007ffbfb1d0000 - 0x00007ffbfb55a000 	C:\WINDOWS\System32\combase.dll
0x00007ffbfbe80000 - 0x00007ffbfbf57000 	C:\WINDOWS\System32\OLEAUT32.dll
0x00007ffbf0270000 - 0x00007ffbf02a2000 	C:\WINDOWS\SYSTEM32\dbgcore.DLL
0x00007ffbf9970000 - 0x00007ffbf99ea000 	C:\WINDOWS\System32\bcryptPrimitives.dll
0x00007ffbef840000 - 0x00007ffbef865000 	C:\Users\Kishore Naidu\.p2\pool\plugins\org.eclipse.justj.openjdk.hotspot.jre.full.win32.x86_64_17.0.8.v20230801-1951\jre\bin\java.dll
0x00007ffbed3b0000 - 0x00007ffbed3c8000 	C:\Users\Kishore Naidu\.p2\pool\plugins\org.eclipse.justj.openjdk.hotspot.jre.full.win32.x86_64_17.0.8.v20230801-1951\jre\bin\zip.dll

dbghelp: loaded successfully - version: 4.0.5 - missing functions: none
symbol engine: initialized successfully - sym options: 0x614 - pdb path: .;C:\Users\Kishore Naidu\.p2\pool\plugins\org.eclipse.justj.openjdk.hotspot.jre.full.win32.x86_64_17.0.8.v20230801-1951\jre\bin;C:\WINDOWS\SYSTEM32;C:\WINDOWS\WinSxS\amd64_microsoft.windows.common-controls_6595b64144ccf1df_6.0.22621.2070_none_2713e6537381f706;C:\Users\Kishore Naidu\.p2\pool\plugins\org.eclipse.justj.openjdk.hotspot.jre.full.win32.x86_64_17.0.8.v20230801-1951\jre\bin\server

VM Arguments:
jvm_args: -Dfile.encoding=UTF-8 --module-path=C:\Users\Kishore Naidu\eclipse-workspace\first\bin -XX:+ShowCodeDetailsInExceptionMessages -Djdk.module.main=first 
java_command: first/first.ram
java_class_path (initial): <not set>
Launcher Type: SUN_STANDARD

[Global flags]
     intx CICompilerCount                          = 12                                        {product} {ergonomic}
     uint ConcGCThreads                            = 3                                         {product} {ergonomic}
     uint G1ConcRefinementThreads                  = 13                                        {product} {ergonomic}
   size_t G1HeapRegionSize                         = 2097152                                   {product} {ergonomic}
    uintx GCDrainStackTargetSize                   = 64                                        {product} {ergonomic}
   size_t InitialHeapSize                          = 260046848                                 {product} {ergonomic}
   size_t MarkStackSize                            = 4194304                                   {product} {ergonomic}
   size_t MaxHeapSize                              = 4139778048                                {product} {ergonomic}
   size_t MaxNewSize                               = 2483027968                                {product} {ergonomic}
   size_t MinHeapDeltaBytes                        = 2097152                                   {product} {ergonomic}
   size_t MinHeapSize                              = 8388608                                   {product} {ergonomic}
    uintx NonNMethodCodeHeapSize                   = 7602480                                {pd product} {ergonomic}
    uintx NonProfiledCodeHeapSize                  = 122027880                              {pd product} {ergonomic}
    uintx ProfiledCodeHeapSize                     = 122027880                              {pd product} {ergonomic}
    uintx ReservedCodeCacheSize                    = 251658240                              {pd product} {ergonomic}
     bool SegmentedCodeCache                       = true                                      {product} {ergonomic}
     bool ShowCodeDetailsInExceptionMessages       = true                                   {manageable} {command line}
   size_t SoftMaxHeapSize                          = 4139778048                             {manageable} {ergonomic}
     bool UseCompressedClassPointers               = true                           {product lp64_product} {ergonomic}
     bool UseCompressedOops                        = true                           {product lp64_product} {ergonomic}
     bool UseG1GC                                  = true                                      {product} {ergonomic}
     bool UseLargePagesIndividualAllocation        = false                                  {pd product} {ergonomic}

Logging:
Log output configuration:
 #0: stdout all=warning uptime,level,tags
 #1: stderr all=off uptime,level,tags

Environment Variables:
PATH=C:/Users/Kishore Naidu/.p2/pool/plugins/org.eclipse.justj.openjdk.hotspot.jre.full.win32.x86_64_17.0.8.v20230801-1951/jre/bin/server;C:/Users/Kishore Naidu/.p2/pool/plugins/org.eclipse.justj.openjdk.hotspot.jre.full.win32.x86_64_17.0.8.v20230801-1951/jre/bin;C:\Program Files\Python311\Scripts\;C:\Program Files\Python311\;C:\Windows\system32;C:\Windows;C:\Windows\System32\Wbem;C:\Windows\System32\WindowsPowerShell\v1.0\;C:\Windows\System32\OpenSSH\;C:\Program Files (x86)\NVIDIA Corporation\PhysX\Common;C:\Program Files\NVIDIA Corporation\NVIDIA NvDLISR;C:\Program Files\dotnet\;C:\Program Files\PuTTY\;C:\WINDOWS\system32;C:\WINDOWS;C:\WINDOWS\System32\Wbem;C:\WINDOWS\System32\WindowsPowerShell\v1.0\;C:\WINDOWS\System32\OpenSSH\;C:\Users\Kishore Naidu\AppData\Local\Microsoft\WindowsApps;;C:\Users\Kishore Naidu\AppData\Local\Programs\Microsoft VS Code\bin;C:\Users\Kishore Naidu\Desktop;
USERNAME=Kishore Naidu
OS=Windows_NT
PROCESSOR_IDENTIFIER=AMD64 Family 23 Model 96 Stepping 1, AuthenticAMD
TMP=C:\Users\KISHOR~1\AppData\Local\Temp
TEMP=C:\Users\KISHOR~1\AppData\Local\Temp



---------------  S Y S T E M  ---------------

OS:
 Windows 11 , 64 bit Build 22621 (10.0.22621.2070)
OS uptime: 9 days 12:08 hours

CPU: total 16 (initial active 16) (16 cores per cpu, 2 threads per core) family 23 model 96 stepping 1 microcode 0x0, cx8, cmov, fxsr, ht, mmx, 3dnowpref, sse, sse2, sse3, ssse3, sse4a, sse4.1, sse4.2, popcnt, lzcnt, tsc, tscinvbit, avx, avx2, aes, clmul, bmi1, bmi2, adx, sha, fma, vzeroupper, clflush, clflushopt
Processor Information for all 16 processors :
  Max Mhz: 2901, Current Mhz: 2901, Mhz Limit: 2901

Memory: 4k page, system-wide physical 15790M (7698M free)
TotalPageFile size 44827M (AvailPageFile size 4273M)
current process WorkingSet (physical memory assigned to process): 19M, peak: 19M
current process commit charge ("private bytes"): 332M, peak: 332M

vm_info: OpenJDK 64-Bit Server VM (17.0.8+7) for windows-amd64 JRE (17.0.8+7), built on Jul 18 2023 21:02:32 by "admin" with MS VC++ 16.7 (VS2019)

END.
