#
# There is insufficient memory for the Java Runtime Environment to continue.
# Native memory allocation (mmap) failed to map 65536 bytes for Failed to commit metaspace.
# Possible reasons:
#   The system is out of physical RAM or swap space
#   The process is running with CompressedOops enabled, and the Java Heap may be blocking the growth of the native heap
# Possible solutions:
#   Reduce memory load on the system
#   Increase physical memory or swap space
#   Check if swap backing store is full
#   Decrease Java heap size (-Xmx/-Xms)
#   Decrease number of Java threads
#   Decrease Java thread stack sizes (-Xss)
#   Set larger code cache with -XX:ReservedCodeCacheSize=
#   JVM is running with Zero Based Compressed Oops mode in which the Java heap is
#     placed in the first 32GB address space. The Java Heap base address is the
#     maximum limit for the native heap growth. Please use -XX:HeapBaseMinAddress
#     to set the Java Heap base and to place the Java Heap above 32GB virtual address.
# This output file may be truncated or incomplete.
#
#  Out of Memory Error (virtualSpaceNode.cpp:110), pid=14912, tid=16952
#
# JRE version: OpenJDK Runtime Environment Temurin-17.0.8+7 (17.0.8+7) (build 17.0.8+7)
# Java VM: OpenJDK 64-Bit Server VM Temurin-17.0.8+7 (17.0.8+7, mixed mode, tiered, compressed oops, compressed class ptrs, g1 gc, windows-amd64)
# No core dump will be written. Minidumps are not enabled by default on client versions of Windows
#

---------------  S U M M A R Y ------------

Command Line: -Dfile.encoding=UTF-8 --module-path=C:\Users\Kishore Naidu\eclipse-workspace\first\bin -XX:+ShowCodeDetailsInExceptionMessages -Djdk.module.main=first first/first.ram

Host: AMD Ryzen 7 4800H with Radeon Graphics         , 16 cores, 15G,  Windows 11 , 64 bit Build 22621 (10.0.22621.2070)
Time: Sat Aug 19 10:24:40 2023 India Standard Time elapsed time: 1.704356 seconds (0d 0h 0m 1s)

---------------  T H R E A D  ---------------

Current thread (0x000001e3c0a03cf0):  JavaThread "main" [_thread_in_vm, id=16952, stack(0x0000006884300000,0x0000006884400000)]

Stack: [0x0000006884300000,0x0000006884400000]
Native frames: (J=compiled Java code, j=interpreted, Vv=VM code, C=native code)
V  [jvm.dll+0x678b0a]
V  [jvm.dll+0x835e84]
V  [jvm.dll+0x83762e]
V  [jvm.dll+0x837c93]
V  [jvm.dll+0x24746f]
V  [jvm.dll+0x831f1b]
V  [jvm.dll+0x61d3c6]
V  [jvm.dll+0x61d42a]
V  [jvm.dll+0x61fc5a]
V  [jvm.dll+0x61dd66]
V  [jvm.dll+0x23ce50]
V  [jvm.dll+0x1ec2ed]
V  [jvm.dll+0x1e1d21]
V  [jvm.dll+0x53fba0]
V  [jvm.dll+0x1f2607]
V  [jvm.dll+0x7b06ab]
V  [jvm.dll+0x7b1a52]
V  [jvm.dll+0x7b1d88]
V  [jvm.dll+0x23f76e]
V  [jvm.dll+0x23f9bf]
V  [jvm.dll+0x55d333]
V  [jvm.dll+0x55f7b4]
V  [jvm.dll+0x3854bb]
V  [jvm.dll+0x384f72]
C  0x000001e3cccf89bf

Java frames: (J=compiled Java code, j=interpreted, Vv=VM code)
j  java.lang.CharacterData.of(I)Ljava/lang/CharacterData;+96 java.base@17.0.8
j  java.lang.Character.getType(I)I+1 java.base@17.0.8
j  java.text.DecimalFormatSymbols.lambda$findNonFormatChar$0(I)Z+1 java.base@17.0.8
j  java.text.DecimalFormatSymbols$$Lambda$34+0x000000080009fe18.test(I)Z+1 java.base@17.0.8
j  java.util.stream.IntPipeline$10$1.accept(I)V+8 java.base@17.0.8
j  java.lang.StringUTF16$CharsSpliterator.tryAdvance(Ljava/util/function/IntConsumer;)Z+38 java.base@17.0.8
j  java.util.stream.IntPipeline.forEachWithCancel(Ljava/util/Spliterator;Ljava/util/stream/Sink;)Z+26 java.base@17.0.8
j  java.util.stream.AbstractPipeline.copyIntoWithCancel(Ljava/util/stream/Sink;Ljava/util/Spliterator;)Z+32 java.base@17.0.8
j  java.util.stream.AbstractPipeline.copyInto(Ljava/util/stream/Sink;Ljava/util/Spliterator;)V+49 java.base@17.0.8
j  java.util.stream.AbstractPipeline.wrapAndCopyInto(Ljava/util/stream/Sink;Ljava/util/Spliterator;)Ljava/util/stream/Sink;+13 java.base@17.0.8
j  java.util.stream.FindOps$FindOp.evaluateSequential(Ljava/util/stream/PipelineHelper;Ljava/util/Spliterator;)Ljava/lang/Object;+14 java.base@17.0.8
j  java.util.stream.AbstractPipeline.evaluate(Ljava/util/stream/TerminalOp;)Ljava/lang/Object;+88 java.base@17.0.8
j  java.util.stream.IntPipeline.findFirst()Ljava/util/OptionalInt;+5 java.base@17.0.8
j  java.text.DecimalFormatSymbols.findNonFormatChar(Ljava/lang/String;C)C+14 java.base@17.0.8
j  java.text.DecimalFormatSymbols.initialize(Ljava/util/Locale;)V+205 java.base@17.0.8
j  java.text.DecimalFormatSymbols.<init>(Ljava/util/Locale;)V+11 java.base@17.0.8
j  sun.util.locale.provider.DecimalFormatSymbolsProviderImpl.getInstance(Ljava/util/Locale;)Ljava/text/DecimalFormatSymbols;+17 java.base@17.0.8
j  java.text.DecimalFormatSymbols.getInstance(Ljava/util/Locale;)Ljava/text/DecimalFormatSymbols;+14 java.base@17.0.8
j  sun.util.locale.provider.NumberFormatProviderImpl.getInstance(Ljava/util/Locale;I)Ljava/text/NumberFormat;+51 java.base@17.0.8
j  sun.util.locale.provider.NumberFormatProviderImpl.getNumberInstance(Ljava/util/Locale;)Ljava/text/NumberFormat;+3 java.base@17.0.8
j  java.text.NumberFormat.getInstance(Lsun/util/locale/provider/LocaleProviderAdapter;Ljava/util/Locale;Ljava/text/NumberFormat$Style;I)Ljava/text/NumberFormat;+47 java.base@17.0.8
j  java.text.NumberFormat.getInstance(Ljava/util/Locale;Ljava/text/NumberFormat$Style;I)Ljava/text/NumberFormat;+11 java.base@17.0.8
j  java.text.NumberFormat.getNumberInstance(Ljava/util/Locale;)Ljava/text/NumberFormat;+3 java.base@17.0.8
j  java.util.Scanner.useLocale(Ljava/util/Locale;)Ljava/util/Scanner;+31 java.base@17.0.8
j  java.util.Scanner.<init>(Ljava/lang/Readable;Ljava/util/regex/Pattern;)V+243 java.base@17.0.8
j  java.util.Scanner.<init>(Ljava/io/InputStream;)V+12 java.base@17.0.8
j  first.ram.main([Ljava/lang/String;)V+7 first
v  ~StubRoutines::call_stub

---------------  P R O C E S S  ---------------

Threads class SMR info:
_java_thread_list=0x000001e3e1e90130, length=14, elements={
0x000001e3c0a03cf0, 0x000001e3e1c33010, 0x000001e3e1c338e0, 0x000001e3e1c3bd80,
0x000001e3e1c20050, 0x000001e3e1c20b30, 0x000001e3e1c5fa80, 0x000001e3e1c62600,
0x000001e3e1c63610, 0x000001e3e1c64010, 0x000001e3e1d1aed0, 0x000001e3e1e629d0,
0x000001e3e1e50c40, 0x000001e3e1ee24a0
}

Java Threads: ( => current thread )
=>0x000001e3c0a03cf0 JavaThread "main" [_thread_in_vm, id=16952, stack(0x0000006884300000,0x0000006884400000)]
  0x000001e3e1c33010 JavaThread "Reference Handler" daemon [_thread_blocked, id=28944, stack(0x0000006884a00000,0x0000006884b00000)]
  0x000001e3e1c338e0 JavaThread "Finalizer" daemon [_thread_blocked, id=28948, stack(0x0000006884b00000,0x0000006884c00000)]
  0x000001e3e1c3bd80 JavaThread "Signal Dispatcher" daemon [_thread_blocked, id=29044, stack(0x0000006884c00000,0x0000006884d00000)]
  0x000001e3e1c20050 JavaThread "Attach Listener" daemon [_thread_blocked, id=29048, stack(0x0000006884d00000,0x0000006884e00000)]
  0x000001e3e1c20b30 JavaThread "Service Thread" daemon [_thread_blocked, id=29052, stack(0x0000006884e00000,0x0000006884f00000)]
  0x000001e3e1c5fa80 JavaThread "Monitor Deflation Thread" daemon [_thread_blocked, id=29056, stack(0x0000006884f00000,0x0000006885000000)]
  0x000001e3e1c62600 JavaThread "C2 CompilerThread0" daemon [_thread_blocked, id=29060, stack(0x0000006885000000,0x0000006885100000)]
  0x000001e3e1c63610 JavaThread "C1 CompilerThread0" daemon [_thread_blocked, id=29088, stack(0x0000006885100000,0x0000006885200000)]
  0x000001e3e1c64010 JavaThread "Sweeper thread" daemon [_thread_blocked, id=29100, stack(0x0000006885200000,0x0000006885300000)]
  0x000001e3e1d1aed0 JavaThread "Common-Cleaner" daemon [_thread_blocked, id=5400, stack(0x0000006885300000,0x0000006885400000)]
  0x000001e3e1e629d0 JavaThread "C1 CompilerThread1" daemon [_thread_blocked, id=15656, stack(0x0000006885400000,0x0000006885500000)]
  0x000001e3e1e50c40 JavaThread "C1 CompilerThread2" daemon [_thread_blocked, id=22016, stack(0x0000006885500000,0x0000006885600000)]
  0x000001e3e1ee24a0 JavaThread "Notification Thread" daemon [_thread_blocked, id=29844, stack(0x0000006885600000,0x0000006885700000)]

Other Threads:
  0x000001e3e1bad870 VMThread "VM Thread" [stack: 0x0000006884900000,0x0000006884a00000] [id=28780]
  0x000001e3e1ee2980 WatcherThread [stack: 0x0000006885700000,0x0000006885800000] [id=29848]
  0x000001e3c0a70450 GCTaskThread "GC Thread#0" [stack: 0x0000006884400000,0x0000006884500000] [id=3844]
  0x000001e3c0a80a60 ConcurrentGCThread "G1 Main Marker" [stack: 0x0000006884500000,0x0000006884600000] [id=12448]
  0x000001e3c0a81470 ConcurrentGCThread "G1 Conc#0" [stack: 0x0000006884600000,0x0000006884700000] [id=19652]
  0x000001e3e1a604d0 ConcurrentGCThread "G1 Refine#0" [stack: 0x0000006884700000,0x0000006884800000] [id=12132]
  0x000001e3e1a60ca0 ConcurrentGCThread "G1 Service" [stack: 0x0000006884800000,0x0000006884900000] [id=17528]

Threads with active compile tasks:

VM state: not at safepoint (normal execution)

VM Mutex/Monitor currently owned by a thread:  ([mutex/lock_event])
[0x000001e3c09fd610] Metaspace_lock - owner thread: 0x000001e3c0a03cf0

Heap address: 0x0000000709400000, size: 3948 MB, Compressed Oops mode: Zero based, Oop shift amount: 3

CDS archive(s) not mapped
Compressed class space mapped at: 0x0000000800000000-0x0000000840000000, reserved size: 1073741824
Narrow klass base: 0x0000000800000000, Narrow klass shift: 0, Narrow klass range: 0x40000000

GC Precious Log:
 CPUs: 16 total, 16 available
 Memory: 15790M
 Large Page Support: Disabled
 NUMA Support: Disabled
 Compressed Oops: Enabled (Zero based)
 Heap Region Size: 2M
 Heap Min Capacity: 8M
 Heap Initial Capacity: 248M
 Heap Max Capacity: 3948M
 Pre-touch: Disabled
 Parallel Workers: 13
 Concurrent Workers: 3
 Concurrent Refinement Workers: 13
 Periodic GC: Disabled

Heap:
 garbage-first heap   total 253952K, used 2048K [0x0000000709400000, 0x0000000800000000)
  region size 2048K, 2 young (4096K), 0 survivors (0K)
 Metaspace       used 7312K, committed 7488K, reserved 1114112K
  class space    used 650K, committed 768K, reserved 1048576K

Heap Regions: E=young(eden), S=young(survivor), O=old, HS=humongous(starts), HC=humongous(continues), CS=collection set, F=free, OA=open archive, CA=closed archive, TAMS=top-at-mark-start (previous, next)
|   0|0x0000000709400000, 0x0000000709400000, 0x0000000709600000|  0%| F|  |TAMS 0x0000000709400000, 0x0000000709400000| Untracked 
|   1|0x0000000709600000, 0x0000000709600000, 0x0000000709800000|  0%| F|  |TAMS 0x0000000709600000, 0x0000000709600000| Untracked 
|   2|0x0000000709800000, 0x0000000709800000, 0x0000000709a00000|  0%| F|  |TAMS 0x0000000709800000, 0x0000000709800000| Untracked 
|   3|0x0000000709a00000, 0x0000000709a00000, 0x0000000709c00000|  0%| F|  |TAMS 0x0000000709a00000, 0x0000000709a00000| Untracked 
|   4|0x0000000709c00000, 0x0000000709c00000, 0x0000000709e00000|  0%| F|  |TAMS 0x0000000709c00000, 0x0000000709c00000| Untracked 
|   5|0x0000000709e00000, 0x0000000709e00000, 0x000000070a000000|  0%| F|  |TAMS 0x0000000709e00000, 0x0000000709e00000| Untracked 
|   6|0x000000070a000000, 0x000000070a000000, 0x000000070a200000|  0%| F|  |TAMS 0x000000070a000000, 0x000000070a000000| Untracked 
|   7|0x000000070a200000, 0x000000070a200000, 0x000000070a400000|  0%| F|  |TAMS 0x000000070a200000, 0x000000070a200000| Untracked 
|   8|0x000000070a400000, 0x000000070a400000, 0x000000070a600000|  0%| F|  |TAMS 0x000000070a400000, 0x000000070a400000| Untracked 
|   9|0x000000070a600000, 0x000000070a600000, 0x000000070a800000|  0%| F|  |TAMS 0x000000070a600000, 0x000000070a600000| Untracked 
|  10|0x000000070a800000, 0x000000070a800000, 0x000000070aa00000|  0%| F|  |TAMS 0x000000070a800000, 0x000000070a800000| Untracked 
|  11|0x000000070aa00000, 0x000000070aa00000, 0x000000070ac00000|  0%| F|  |TAMS 0x000000070aa00000, 0x000000070aa00000| Untracked 
|  12|0x000000070ac00000, 0x000000070ac00000, 0x000000070ae00000|  0%| F|  |TAMS 0x000000070ac00000, 0x000000070ac00000| Untracked 
|  13|0x000000070ae00000, 0x000000070ae00000, 0x000000070b000000|  0%| F|  |TAMS 0x000000070ae00000, 0x000000070ae00000| Untracked 
|  14|0x000000070b000000, 0x000000070b000000, 0x000000070b200000|  0%| F|  |TAMS 0x000000070b000000, 0x000000070b000000| Untracked 
|  15|0x000000070b200000, 0x000000070b200000, 0x000000070b400000|  0%| F|  |TAMS 0x000000070b200000, 0x000000070b200000| Untracked 
|  16|0x000000070b400000, 0x000000070b400000, 0x000000070b600000|  0%| F|  |TAMS 0x000000070b400000, 0x000000070b400000| Untracked 
|  17|0x000000070b600000, 0x000000070b600000, 0x000000070b800000|  0%| F|  |TAMS 0x000000070b600000, 0x000000070b600000| Untracked 
|  18|0x000000070b800000, 0x000000070b800000, 0x000000070ba00000|  0%| F|  |TAMS 0x000000070b800000, 0x000000070b800000| Untracked 
|  19|0x000000070ba00000, 0x000000070ba00000, 0x000000070bc00000|  0%| F|  |TAMS 0x000000070ba00000, 0x000000070ba00000| Untracked 
|  20|0x000000070bc00000, 0x000000070bc00000, 0x000000070be00000|  0%| F|  |TAMS 0x000000070bc00000, 0x000000070bc00000| Untracked 
|  21|0x000000070be00000, 0x000000070be00000, 0x000000070c000000|  0%| F|  |TAMS 0x000000070be00000, 0x000000070be00000| Untracked 
|  22|0x000000070c000000, 0x000000070c000000, 0x000000070c200000|  0%| F|  |TAMS 0x000000070c000000, 0x000000070c000000| Untracked 
|  23|0x000000070c200000, 0x000000070c200000, 0x000000070c400000|  0%| F|  |TAMS 0x000000070c200000, 0x000000070c200000| Untracked 
|  24|0x000000070c400000, 0x000000070c400000, 0x000000070c600000|  0%| F|  |TAMS 0x000000070c400000, 0x000000070c400000| Untracked 
|  25|0x000000070c600000, 0x000000070c600000, 0x000000070c800000|  0%| F|  |TAMS 0x000000070c600000, 0x000000070c600000| Untracked 
|  26|0x000000070c800000, 0x000000070c800000, 0x000000070ca00000|  0%| F|  |TAMS 0x000000070c800000, 0x000000070c800000| Untracked 
|  27|0x000000070ca00000, 0x000000070ca00000, 0x000000070cc00000|  0%| F|  |TAMS 0x000000070ca00000, 0x000000070ca00000| Untracked 
|  28|0x000000070cc00000, 0x000000070cc00000, 0x000000070ce00000|  0%| F|  |TAMS 0x000000070cc00000, 0x000000070cc00000| Untracked 
|  29|0x000000070ce00000, 0x000000070ce00000, 0x000000070d000000|  0%| F|  |TAMS 0x000000070ce00000, 0x000000070ce00000| Untracked 
|  30|0x000000070d000000, 0x000000070d000000, 0x000000070d200000|  0%| F|  |TAMS 0x000000070d000000, 0x000000070d000000| Untracked 
|  31|0x000000070d200000, 0x000000070d200000, 0x000000070d400000|  0%| F|  |TAMS 0x000000070d200000, 0x000000070d200000| Untracked 
|  32|0x000000070d400000, 0x000000070d400000, 0x000000070d600000|  0%| F|  |TAMS 0x000000070d400000, 0x000000070d400000| Untracked 
|  33|0x000000070d600000, 0x000000070d600000, 0x000000070d800000|  0%| F|  |TAMS 0x000000070d600000, 0x000000070d600000| Untracked 
|  34|0x000000070d800000, 0x000000070d800000, 0x000000070da00000|  0%| F|  |TAMS 0x000000070d800000, 0x000000070d800000| Untracked 
|  35|0x000000070da00000, 0x000000070da00000, 0x000000070dc00000|  0%| F|  |TAMS 0x000000070da00000, 0x000000070da00000| Untracked 
|  36|0x000000070dc00000, 0x000000070dc00000, 0x000000070de00000|  0%| F|  |TAMS 0x000000070dc00000, 0x000000070dc00000| Untracked 
|  37|0x000000070de00000, 0x000000070de00000, 0x000000070e000000|  0%| F|  |TAMS 0x000000070de00000, 0x000000070de00000| Untracked 
|  38|0x000000070e000000, 0x000000070e000000, 0x000000070e200000|  0%| F|  |TAMS 0x000000070e000000, 0x000000070e000000| Untracked 
|  39|0x000000070e200000, 0x000000070e200000, 0x000000070e400000|  0%| F|  |TAMS 0x000000070e200000, 0x000000070e200000| Untracked 
|  40|0x000000070e400000, 0x000000070e400000, 0x000000070e600000|  0%| F|  |TAMS 0x000000070e400000, 0x000000070e400000| Untracked 
|  41|0x000000070e600000, 0x000000070e600000, 0x000000070e800000|  0%| F|  |TAMS 0x000000070e600000, 0x000000070e600000| Untracked 
|  42|0x000000070e800000, 0x000000070e800000, 0x000000070ea00000|  0%| F|  |TAMS 0x000000070e800000, 0x000000070e800000| Untracked 
|  43|0x000000070ea00000, 0x000000070ea00000, 0x000000070ec00000|  0%| F|  |TAMS 0x000000070ea00000, 0x000000070ea00000| Untracked 
|  44|0x000000070ec00000, 0x000000070ec00000, 0x000000070ee00000|  0%| F|  |TAMS 0x000000070ec00000, 0x000000070ec00000| Untracked 
|  45|0x000000070ee00000, 0x000000070ee00000, 0x000000070f000000|  0%| F|  |TAMS 0x000000070ee00000, 0x000000070ee00000| Untracked 
|  46|0x000000070f000000, 0x000000070f000000, 0x000000070f200000|  0%| F|  |TAMS 0x000000070f000000, 0x000000070f000000| Untracked 
|  47|0x000000070f200000, 0x000000070f200000, 0x000000070f400000|  0%| F|  |TAMS 0x000000070f200000, 0x000000070f200000| Untracked 
|  48|0x000000070f400000, 0x000000070f400000, 0x000000070f600000|  0%| F|  |TAMS 0x000000070f400000, 0x000000070f400000| Untracked 
|  49|0x000000070f600000, 0x000000070f600000, 0x000000070f800000|  0%| F|  |TAMS 0x000000070f600000, 0x000000070f600000| Untracked 
|  50|0x000000070f800000, 0x000000070f800000, 0x000000070fa00000|  0%| F|  |TAMS 0x000000070f800000, 0x000000070f800000| Untracked 
|  51|0x000000070fa00000, 0x000000070fa00000, 0x000000070fc00000|  0%| F|  |TAMS 0x000000070fa00000, 0x000000070fa00000| Untracked 
|  52|0x000000070fc00000, 0x000000070fc00000, 0x000000070fe00000|  0%| F|  |TAMS 0x000000070fc00000, 0x000000070fc00000| Untracked 
|  53|0x000000070fe00000, 0x000000070fe00000, 0x0000000710000000|  0%| F|  |TAMS 0x000000070fe00000, 0x000000070fe00000| Untracked 
|  54|0x0000000710000000, 0x0000000710000000, 0x0000000710200000|  0%| F|  |TAMS 0x0000000710000000, 0x0000000710000000| Untracked 
|  55|0x0000000710200000, 0x0000000710200000, 0x0000000710400000|  0%| F|  |TAMS 0x0000000710200000, 0x0000000710200000| Untracked 
|  56|0x0000000710400000, 0x0000000710400000, 0x0000000710600000|  0%| F|  |TAMS 0x0000000710400000, 0x0000000710400000| Untracked 
|  57|0x0000000710600000, 0x0000000710600000, 0x0000000710800000|  0%| F|  |TAMS 0x0000000710600000, 0x0000000710600000| Untracked 
|  58|0x0000000710800000, 0x0000000710800000, 0x0000000710a00000|  0%| F|  |TAMS 0x0000000710800000, 0x0000000710800000| Untracked 
|  59|0x0000000710a00000, 0x0000000710a00000, 0x0000000710c00000|  0%| F|  |TAMS 0x0000000710a00000, 0x0000000710a00000| Untracked 
|  60|0x0000000710c00000, 0x0000000710c00000, 0x0000000710e00000|  0%| F|  |TAMS 0x0000000710c00000, 0x0000000710c00000| Untracked 
|  61|0x0000000710e00000, 0x0000000710e00000, 0x0000000711000000|  0%| F|  |TAMS 0x0000000710e00000, 0x0000000710e00000| Untracked 
|  62|0x0000000711000000, 0x0000000711000000, 0x0000000711200000|  0%| F|  |TAMS 0x0000000711000000, 0x0000000711000000| Untracked 
|  63|0x0000000711200000, 0x0000000711200000, 0x0000000711400000|  0%| F|  |TAMS 0x0000000711200000, 0x0000000711200000| Untracked 
|  64|0x0000000711400000, 0x0000000711400000, 0x0000000711600000|  0%| F|  |TAMS 0x0000000711400000, 0x0000000711400000| Untracked 
|  65|0x0000000711600000, 0x0000000711600000, 0x0000000711800000|  0%| F|  |TAMS 0x0000000711600000, 0x0000000711600000| Untracked 
|  66|0x0000000711800000, 0x0000000711800000, 0x0000000711a00000|  0%| F|  |TAMS 0x0000000711800000, 0x0000000711800000| Untracked 
|  67|0x0000000711a00000, 0x0000000711a00000, 0x0000000711c00000|  0%| F|  |TAMS 0x0000000711a00000, 0x0000000711a00000| Untracked 
|  68|0x0000000711c00000, 0x0000000711c00000, 0x0000000711e00000|  0%| F|  |TAMS 0x0000000711c00000, 0x0000000711c00000| Untracked 
|  69|0x0000000711e00000, 0x0000000711e00000, 0x0000000712000000|  0%| F|  |TAMS 0x0000000711e00000, 0x0000000711e00000| Untracked 
|  70|0x0000000712000000, 0x0000000712000000, 0x0000000712200000|  0%| F|  |TAMS 0x0000000712000000, 0x0000000712000000| Untracked 
|  71|0x0000000712200000, 0x0000000712200000, 0x0000000712400000|  0%| F|  |TAMS 0x0000000712200000, 0x0000000712200000| Untracked 
|  72|0x0000000712400000, 0x0000000712400000, 0x0000000712600000|  0%| F|  |TAMS 0x0000000712400000, 0x0000000712400000| Untracked 
|  73|0x0000000712600000, 0x0000000712600000, 0x0000000712800000|  0%| F|  |TAMS 0x0000000712600000, 0x0000000712600000| Untracked 
|  74|0x0000000712800000, 0x0000000712800000, 0x0000000712a00000|  0%| F|  |TAMS 0x0000000712800000, 0x0000000712800000| Untracked 
|  75|0x0000000712a00000, 0x0000000712a00000, 0x0000000712c00000|  0%| F|  |TAMS 0x0000000712a00000, 0x0000000712a00000| Untracked 
|  76|0x0000000712c00000, 0x0000000712c00000, 0x0000000712e00000|  0%| F|  |TAMS 0x0000000712c00000, 0x0000000712c00000| Untracked 
|  77|0x0000000712e00000, 0x0000000712e00000, 0x0000000713000000|  0%| F|  |TAMS 0x0000000712e00000, 0x0000000712e00000| Untracked 
|  78|0x0000000713000000, 0x0000000713000000, 0x0000000713200000|  0%| F|  |TAMS 0x0000000713000000, 0x0000000713000000| Untracked 
|  79|0x0000000713200000, 0x0000000713200000, 0x0000000713400000|  0%| F|  |TAMS 0x0000000713200000, 0x0000000713200000| Untracked 
|  80|0x0000000713400000, 0x0000000713400000, 0x0000000713600000|  0%| F|  |TAMS 0x0000000713400000, 0x0000000713400000| Untracked 
|  81|0x0000000713600000, 0x0000000713600000, 0x0000000713800000|  0%| F|  |TAMS 0x0000000713600000, 0x0000000713600000| Untracked 
|  82|0x0000000713800000, 0x0000000713800000, 0x0000000713a00000|  0%| F|  |TAMS 0x0000000713800000, 0x0000000713800000| Untracked 
|  83|0x0000000713a00000, 0x0000000713a00000, 0x0000000713c00000|  0%| F|  |TAMS 0x0000000713a00000, 0x0000000713a00000| Untracked 
|  84|0x0000000713c00000, 0x0000000713c00000, 0x0000000713e00000|  0%| F|  |TAMS 0x0000000713c00000, 0x0000000713c00000| Untracked 
|  85|0x0000000713e00000, 0x0000000713e00000, 0x0000000714000000|  0%| F|  |TAMS 0x0000000713e00000, 0x0000000713e00000| Untracked 
|  86|0x0000000714000000, 0x0000000714000000, 0x0000000714200000|  0%| F|  |TAMS 0x0000000714000000, 0x0000000714000000| Untracked 
|  87|0x0000000714200000, 0x0000000714200000, 0x0000000714400000|  0%| F|  |TAMS 0x0000000714200000, 0x0000000714200000| Untracked 
|  88|0x0000000714400000, 0x0000000714400000, 0x0000000714600000|  0%| F|  |TAMS 0x0000000714400000, 0x0000000714400000| Untracked 
|  89|0x0000000714600000, 0x0000000714600000, 0x0000000714800000|  0%| F|  |TAMS 0x0000000714600000, 0x0000000714600000| Untracked 
|  90|0x0000000714800000, 0x0000000714800000, 0x0000000714a00000|  0%| F|  |TAMS 0x0000000714800000, 0x0000000714800000| Untracked 
|  91|0x0000000714a00000, 0x0000000714a00000, 0x0000000714c00000|  0%| F|  |TAMS 0x0000000714a00000, 0x0000000714a00000| Untracked 
|  92|0x0000000714c00000, 0x0000000714c00000, 0x0000000714e00000|  0%| F|  |TAMS 0x0000000714c00000, 0x0000000714c00000| Untracked 
|  93|0x0000000714e00000, 0x0000000714e00000, 0x0000000715000000|  0%| F|  |TAMS 0x0000000714e00000, 0x0000000714e00000| Untracked 
|  94|0x0000000715000000, 0x0000000715000000, 0x0000000715200000|  0%| F|  |TAMS 0x0000000715000000, 0x0000000715000000| Untracked 
|  95|0x0000000715200000, 0x0000000715200000, 0x0000000715400000|  0%| F|  |TAMS 0x0000000715200000, 0x0000000715200000| Untracked 
|  96|0x0000000715400000, 0x0000000715400000, 0x0000000715600000|  0%| F|  |TAMS 0x0000000715400000, 0x0000000715400000| Untracked 
|  97|0x0000000715600000, 0x0000000715600000, 0x0000000715800000|  0%| F|  |TAMS 0x0000000715600000, 0x0000000715600000| Untracked 
|  98|0x0000000715800000, 0x0000000715800000, 0x0000000715a00000|  0%| F|  |TAMS 0x0000000715800000, 0x0000000715800000| Untracked 
|  99|0x0000000715a00000, 0x0000000715a00000, 0x0000000715c00000|  0%| F|  |TAMS 0x0000000715a00000, 0x0000000715a00000| Untracked 
| 100|0x0000000715c00000, 0x0000000715c00000, 0x0000000715e00000|  0%| F|  |TAMS 0x0000000715c00000, 0x0000000715c00000| Untracked 
| 101|0x0000000715e00000, 0x0000000715e00000, 0x0000000716000000|  0%| F|  |TAMS 0x0000000715e00000, 0x0000000715e00000| Untracked 
| 102|0x0000000716000000, 0x0000000716000000, 0x0000000716200000|  0%| F|  |TAMS 0x0000000716000000, 0x0000000716000000| Untracked 
| 103|0x0000000716200000, 0x0000000716200000, 0x0000000716400000|  0%| F|  |TAMS 0x0000000716200000, 0x0000000716200000| Untracked 
| 104|0x0000000716400000, 0x0000000716400000, 0x0000000716600000|  0%| F|  |TAMS 0x0000000716400000, 0x0000000716400000| Untracked 
| 105|0x0000000716600000, 0x0000000716600000, 0x0000000716800000|  0%| F|  |TAMS 0x0000000716600000, 0x0000000716600000| Untracked 
| 106|0x0000000716800000, 0x0000000716800000, 0x0000000716a00000|  0%| F|  |TAMS 0x0000000716800000, 0x0000000716800000| Untracked 
| 107|0x0000000716a00000, 0x0000000716a00000, 0x0000000716c00000|  0%| F|  |TAMS 0x0000000716a00000, 0x0000000716a00000| Untracked 
| 108|0x0000000716c00000, 0x0000000716c00000, 0x0000000716e00000|  0%| F|  |TAMS 0x0000000716c00000, 0x0000000716c00000| Untracked 
| 109|0x0000000716e00000, 0x0000000716e00000, 0x0000000717000000|  0%| F|  |TAMS 0x0000000716e00000, 0x0000000716e00000| Untracked 
| 110|0x0000000717000000, 0x0000000717000000, 0x0000000717200000|  0%| F|  |TAMS 0x0000000717000000, 0x0000000717000000| Untracked 
| 111|0x0000000717200000, 0x0000000717200000, 0x0000000717400000|  0%| F|  |TAMS 0x0000000717200000, 0x0000000717200000| Untracked 
| 112|0x0000000717400000, 0x0000000717400000, 0x0000000717600000|  0%| F|  |TAMS 0x0000000717400000, 0x0000000717400000| Untracked 
| 113|0x0000000717600000, 0x0000000717600000, 0x0000000717800000|  0%| F|  |TAMS 0x0000000717600000, 0x0000000717600000| Untracked 
| 114|0x0000000717800000, 0x0000000717800000, 0x0000000717a00000|  0%| F|  |TAMS 0x0000000717800000, 0x0000000717800000| Untracked 
| 115|0x0000000717a00000, 0x0000000717a00000, 0x0000000717c00000|  0%| F|  |TAMS 0x0000000717a00000, 0x0000000717a00000| Untracked 
| 116|0x0000000717c00000, 0x0000000717c00000, 0x0000000717e00000|  0%| F|  |TAMS 0x0000000717c00000, 0x0000000717c00000| Untracked 
| 117|0x0000000717e00000, 0x0000000717e00000, 0x0000000718000000|  0%| F|  |TAMS 0x0000000717e00000, 0x0000000717e00000| Untracked 
| 118|0x0000000718000000, 0x0000000718000000, 0x0000000718200000|  0%| F|  |TAMS 0x0000000718000000, 0x0000000718000000| Untracked 
| 119|0x0000000718200000, 0x0000000718200000, 0x0000000718400000|  0%| F|  |TAMS 0x0000000718200000, 0x0000000718200000| Untracked 
| 120|0x0000000718400000, 0x0000000718400000, 0x0000000718600000|  0%| F|  |TAMS 0x0000000718400000, 0x0000000718400000| Untracked 
| 121|0x0000000718600000, 0x0000000718600000, 0x0000000718800000|  0%| F|  |TAMS 0x0000000718600000, 0x0000000718600000| Untracked 
| 122|0x0000000718800000, 0x00000007189c3150, 0x0000000718a00000| 88%| E|  |TAMS 0x0000000718800000, 0x0000000718800000| Complete 
| 123|0x0000000718a00000, 0x0000000718c00000, 0x0000000718c00000|100%| E|CS|TAMS 0x0000000718a00000, 0x0000000718a00000| Complete 

Card table byte_map: [0x000001e3d6030000,0x000001e3d67f0000] _byte_map_base: 0x000001e3d27e6000

Marking Bits (Prev, Next): (CMBitMap*) 0x000001e3c0a70a70, (CMBitMap*) 0x000001e3c0a70ab0
 Prev Bits: [0x000001e3d6fb0000, 0x000001e3dad60000)
 Next Bits: [0x000001e3dad60000, 0x000001e3deb10000)

Polling page: 0x000001e3c0ac0000

Metaspace:

Usage:
  Non-class:      6.51 MB used.
      Class:    650.03 KB used.
       Both:      7.14 MB used.

Virtual space:
  Non-class space:       64.00 MB reserved,       6.56 MB ( 10%) committed,  1 nodes.
      Class space:        1.00 GB reserved,     768.00 KB ( <1%) committed,  1 nodes.
             Both:        1.06 GB reserved,       7.31 MB ( <1%) committed. 

Chunk freelists:
   Non-Class:  8.99 MB
       Class:  15.24 MB
        Both:  24.23 MB

MaxMetaspaceSize: unlimited
CompressedClassSpaceSize: 1.00 GB
Initial GC threshold: 21.00 MB
Current GC threshold: 21.00 MB
CDS: off
MetaspaceReclaimPolicy: balanced
 - commit_granule_bytes: 65536.
 - commit_granule_words: 8192.
 - virtual_space_node_default_size: 8388608.
 - enlarge_chunks_in_place: 1.
 - new_chunks_are_fully_committed: 0.
 - uncommit_free_chunks: 1.
 - use_allocation_guard: 0.
 - handle_deallocations: 1.


Internal statistics:

num_allocs_failed_limit: 0.
num_arena_births: 12.
num_arena_deaths: 0.
num_vsnodes_births: 2.
num_vsnodes_deaths: 0.
num_space_committed: 117.
num_space_uncommitted: 0.
num_chunks_returned_to_freelist: 0.
num_chunks_taken_from_freelist: 31.
num_chunk_merges: 0.
num_chunk_splits: 13.
num_chunks_enlarged: 4.
num_inconsistent_stats: 0.

CodeHeap 'non-profiled nmethods': size=119168Kb used=66Kb max_used=66Kb free=119101Kb
 bounds [0x000001e3cd430000, 0x000001e3cd6a0000, 0x000001e3d4890000]
CodeHeap 'profiled nmethods': size=119104Kb used=311Kb max_used=311Kb free=118792Kb
 bounds [0x000001e3c5890000, 0x000001e3c5b00000, 0x000001e3ccce0000]
CodeHeap 'non-nmethods': size=7488Kb used=2235Kb max_used=2249Kb free=5252Kb
 bounds [0x000001e3ccce0000, 0x000001e3ccf50000, 0x000001e3cd430000]
 total_blobs=624 nmethods=237 adapters=298
 compilation: enabled
              stopped_count=0, restarted_count=0
 full_count=0

Compilation events (20 events):
Event: 1.589 Thread 0x000001e3e1e50c40  228   !   3       jdk.internal.misc.ScopedMemoryAccess::getByteInternal (36 bytes)
Event: 1.590 Thread 0x000001e3e1e50c40 nmethod 228 0x000001e3c58d9810 code [0x000001e3c58d99c0, 0x000001e3c58d9c28]
Event: 1.590 Thread 0x000001e3e1e629d0 nmethod 227 0x000001e3c58d9d90 code [0x000001e3c58d9f60, 0x000001e3c58da3b8]
Event: 1.590 Thread 0x000001e3e1c63610 nmethod 225 0x000001e3c58da590 code [0x000001e3c58da7c0, 0x000001e3c58dafb8]
Event: 1.594 Thread 0x000001e3e1c63610  230       3       java.lang.invoke.MemberName::getReferenceKind (12 bytes)
Event: 1.594 Thread 0x000001e3e1e50c40  231       3       java.lang.reflect.Modifier::isPublic (12 bytes)
Event: 1.594 Thread 0x000001e3e1c63610 nmethod 230 0x000001e3c58db410 code [0x000001e3c58db5a0, 0x000001e3c58db6b8]
Event: 1.594 Thread 0x000001e3e1e629d0  232       3       java.util.Arrays::copyOf (19 bytes)
Event: 1.594 Thread 0x000001e3e1e50c40 nmethod 231 0x000001e3c58db790 code [0x000001e3c58db920, 0x000001e3c58dba78]
Event: 1.595 Thread 0x000001e3e1e629d0 nmethod 232 0x000001e3c58dbb10 code [0x000001e3c58dbcc0, 0x000001e3c58dbfa8]
Event: 1.595 Thread 0x000001e3e1e629d0  233       3       java.lang.StringLatin1::lastIndexOf (40 bytes)
Event: 1.595 Thread 0x000001e3e1e629d0 nmethod 233 0x000001e3c58dc110 code [0x000001e3c58dc2e0, 0x000001e3c58dc6d8]
Event: 1.669 Thread 0x000001e3e1e50c40  234       3       java.lang.AbstractStringBuilder::newCapacity (59 bytes)
Event: 1.669 Thread 0x000001e3e1e50c40 nmethod 234 0x000001e3c58dc810 code [0x000001e3c58dc9e0, 0x000001e3c58dcdd8]
Event: 1.669 Thread 0x000001e3e1e50c40  235       3       jdk.internal.org.objectweb.asm.SymbolTable::addConstantClass (8 bytes)
Event: 1.669 Thread 0x000001e3e1c63610  236       3       jdk.internal.org.objectweb.asm.SymbolTable::addConstantUtf8Reference (101 bytes)
Event: 1.670 Thread 0x000001e3e1e50c40 nmethod 235 0x000001e3c58dcf90 code [0x000001e3c58dd120, 0x000001e3c58dd268]
Event: 1.670 Thread 0x000001e3e1c62600  237       4       java.lang.String::length (11 bytes)
Event: 1.670 Thread 0x000001e3e1c63610 nmethod 236 0x000001e3c58dd310 code [0x000001e3c58dd520, 0x000001e3c58ddb18]
Event: 1.671 Thread 0x000001e3e1c62600 nmethod 237 0x000001e3cd440610 code [0x000001e3cd440780, 0x000001e3cd440818]

GC Heap History (0 events):
No events

Dll operation events (5 events):
Event: 0.071 Loaded shared library C:\Users\Kishore Naidu\.p2\pool\plugins\org.eclipse.justj.openjdk.hotspot.jre.full.win32.x86_64_17.0.8.v20230801-1951\jre\bin\java.dll
Event: 0.859 Loaded shared library C:\Users\Kishore Naidu\.p2\pool\plugins\org.eclipse.justj.openjdk.hotspot.jre.full.win32.x86_64_17.0.8.v20230801-1951\jre\bin\net.dll
Event: 0.864 Loaded shared library C:\Users\Kishore Naidu\.p2\pool\plugins\org.eclipse.justj.openjdk.hotspot.jre.full.win32.x86_64_17.0.8.v20230801-1951\jre\bin\nio.dll
Event: 1.490 Loaded shared library C:\Users\Kishore Naidu\.p2\pool\plugins\org.eclipse.justj.openjdk.hotspot.jre.full.win32.x86_64_17.0.8.v20230801-1951\jre\bin\jimage.dll
Event: 1.549 Loaded shared library C:\Users\Kishore Naidu\.p2\pool\plugins\org.eclipse.justj.openjdk.hotspot.jre.full.win32.x86_64_17.0.8.v20230801-1951\jre\bin\zip.dll

Deoptimization events (4 events):
Event: 1.069 Thread 0x000001e3c0a03cf0 Uncommon trap: trap_request=0xffffff45 fr.pc=0x000001e3cd4376f8 relative=0x0000000000000078
Event: 1.069 Thread 0x000001e3c0a03cf0 Uncommon trap: reason=unstable_if action=reinterpret pc=0x000001e3cd4376f8 method=java.lang.String.isLatin1()Z @ 10 c2
Event: 1.069 Thread 0x000001e3c0a03cf0 DEOPT PACKING pc=0x000001e3cd4376f8 sp=0x00000068843fecd0
Event: 1.069 Thread 0x000001e3c0a03cf0 DEOPT UNPACKING pc=0x000001e3ccd369a3 sp=0x00000068843fec10 mode 2

Classes unloaded (0 events):
No events

Classes redefined (0 events):
No events

Internal exceptions (1 events):
Event: 0.914 Thread 0x000001e3c0a03cf0 Exception <a 'java/lang/NoSuchMethodError'{0x0000000718b1da20}: 'void java.lang.invoke.DirectMethodHandle$Holder.invokeVirtual(java.lang.Object, java.lang.Object)'> (0x0000000718b1da20) 
thrown [s\src\hotspot\share\interpreter\linkResolver.cpp, line 759]

VM Operations (2 events):
Event: 0.975 Executing VM operation: HandshakeAllThreads
Event: 0.975 Executing VM operation: HandshakeAllThreads done

Events (20 events):
Event: 1.597 loading class java/util/function/IntPredicate done
Event: 1.666 loading class java/util/stream/IntPipeline$10
Event: 1.666 loading class java/util/stream/IntPipeline$StatelessOp
Event: 1.666 loading class java/util/stream/IntPipeline$StatelessOp done
Event: 1.667 loading class java/util/stream/IntPipeline$10 done
Event: 1.667 loading class java/util/stream/FindOps$FindSink$OfInt
Event: 1.667 loading class java/util/stream/Sink$OfInt
Event: 1.667 loading class java/util/function/IntConsumer
Event: 1.667 loading class java/util/function/IntConsumer done
Event: 1.667 loading class java/util/stream/Sink$OfInt done
Event: 1.667 loading class java/util/stream/FindOps$FindSink$OfInt done
Event: 1.667 loading class java/util/OptionalInt
Event: 1.668 loading class java/util/OptionalInt done
Event: 1.673 loading class java/util/stream/IntPipeline$10$1
Event: 1.674 loading class java/util/stream/Sink$ChainedInt
Event: 1.674 loading class java/util/stream/Sink$ChainedInt done
Event: 1.674 loading class java/util/stream/IntPipeline$10$1 done
Event: 1.675 loading class java/lang/StringUTF16$CharsSpliterator
Event: 1.677 loading class java/lang/StringUTF16$CharsSpliterator done
Event: 1.677 loading class java/lang/CharacterData00


Dynamic libraries:
0x00007ff6ae900000 - 0x00007ff6ae90e000 	C:\Users\Kishore Naidu\.p2\pool\plugins\org.eclipse.justj.openjdk.hotspot.jre.full.win32.x86_64_17.0.8.v20230801-1951\jre\bin\javaw.exe
0x00007ffbfc590000 - 0x00007ffbfc7a4000 	C:\WINDOWS\SYSTEM32\ntdll.dll
0x00007ffbfb610000 - 0x00007ffbfb6d4000 	C:\WINDOWS\System32\KERNEL32.DLL
0x00007ffbf9fa0000 - 0x00007ffbfa344000 	C:\WINDOWS\System32\KERNELBASE.dll
0x00007ffbf9a60000 - 0x00007ffbf9b71000 	C:\WINDOWS\System32\ucrtbase.dll
0x00007ffbe6130000 - 0x00007ffbe6147000 	C:\Users\Kishore Naidu\.p2\pool\plugins\org.eclipse.justj.openjdk.hotspot.jre.full.win32.x86_64_17.0.8.v20230801-1951\jre\bin\jli.dll
0x00007ffbfc260000 - 0x00007ffbfc40a000 	C:\WINDOWS\System32\USER32.dll
0x00007ffbf9f70000 - 0x00007ffbf9f96000 	C:\WINDOWS\System32\win32u.dll
0x00007ffbfc410000 - 0x00007ffbfc439000 	C:\WINDOWS\System32\GDI32.dll
0x00007ffbf9b80000 - 0x00007ffbf9c99000 	C:\WINDOWS\System32\gdi32full.dll
0x00007ffbf9d60000 - 0x00007ffbf9dfa000 	C:\WINDOWS\System32\msvcp_win.dll
0x00007ffbed350000 - 0x00007ffbed369000 	C:\Users\Kishore Naidu\.p2\pool\plugins\org.eclipse.justj.openjdk.hotspot.jre.full.win32.x86_64_17.0.8.v20230801-1951\jre\bin\VCRUNTIME140.dll
0x00007ffbeac50000 - 0x00007ffbeaedf000 	C:\WINDOWS\WinSxS\amd64_microsoft.windows.common-controls_6595b64144ccf1df_6.0.22621.2070_none_2713e6537381f706\COMCTL32.dll
0x00007ffbfaf70000 - 0x00007ffbfb017000 	C:\WINDOWS\System32\msvcrt.dll
0x00007ffbfb020000 - 0x00007ffbfb051000 	C:\WINDOWS\System32\IMM32.DLL
0x00007ffbef830000 - 0x00007ffbef83c000 	C:\Users\Kishore Naidu\.p2\pool\plugins\org.eclipse.justj.openjdk.hotspot.jre.full.win32.x86_64_17.0.8.v20230801-1951\jre\bin\vcruntime140_1.dll
0x00007ffbe32a0000 - 0x00007ffbe3331000 	C:\Users\Kishore Naidu\.p2\pool\plugins\org.eclipse.justj.openjdk.hotspot.jre.full.win32.x86_64_17.0.8.v20230801-1951\jre\bin\msvcp140.dll
0x00007ffbaa780000 - 0x00007ffbab3cc000 	C:\Users\Kishore Naidu\.p2\pool\plugins\org.eclipse.justj.openjdk.hotspot.jre.full.win32.x86_64_17.0.8.v20230801-1951\jre\bin\server\jvm.dll
0x00007ffbfb6e0000 - 0x00007ffbfb790000 	C:\WINDOWS\System32\ADVAPI32.dll
0x00007ffbfac10000 - 0x00007ffbfacb6000 	C:\WINDOWS\System32\sechost.dll
0x00007ffbfc090000 - 0x00007ffbfc1a7000 	C:\WINDOWS\System32\RPCRT4.dll
0x00007ffbf8860000 - 0x00007ffbf88ad000 	C:\WINDOWS\SYSTEM32\POWRPROF.dll
0x00007ffbf1250000 - 0x00007ffbf1259000 	C:\WINDOWS\SYSTEM32\WSOCK32.dll
0x00007ffbfa370000 - 0x00007ffbfa3e1000 	C:\WINDOWS\System32\WS2_32.dll
0x00007ffbf29c0000 - 0x00007ffbf29f4000 	C:\WINDOWS\SYSTEM32\WINMM.dll
0x00007ffbf0e70000 - 0x00007ffbf0e7a000 	C:\WINDOWS\SYSTEM32\VERSION.dll
0x00007ffbf8840000 - 0x00007ffbf8853000 	C:\WINDOWS\SYSTEM32\UMPDC.dll
0x00007ffbf8aa0000 - 0x00007ffbf8ab8000 	C:\WINDOWS\SYSTEM32\kernel.appcore.dll
0x00007ffbf3bc0000 - 0x00007ffbf3bca000 	C:\Users\Kishore Naidu\.p2\pool\plugins\org.eclipse.justj.openjdk.hotspot.jre.full.win32.x86_64_17.0.8.v20230801-1951\jre\bin\jimage.dll
0x00007ffbf1590000 - 0x00007ffbf17be000 	C:\WINDOWS\SYSTEM32\DBGHELP.DLL
0x00007ffbfb1d0000 - 0x00007ffbfb55a000 	C:\WINDOWS\System32\combase.dll
0x00007ffbfbe80000 - 0x00007ffbfbf57000 	C:\WINDOWS\System32\OLEAUT32.dll
0x00007ffbf0270000 - 0x00007ffbf02a2000 	C:\WINDOWS\SYSTEM32\dbgcore.DLL
0x00007ffbf9970000 - 0x00007ffbf99ea000 	C:\WINDOWS\System32\bcryptPrimitives.dll
0x00007ffbef840000 - 0x00007ffbef865000 	C:\Users\Kishore Naidu\.p2\pool\plugins\org.eclipse.justj.openjdk.hotspot.jre.full.win32.x86_64_17.0.8.v20230801-1951\jre\bin\java.dll
0x00007ffbed3b0000 - 0x00007ffbed3c8000 	C:\Users\Kishore Naidu\.p2\pool\plugins\org.eclipse.justj.openjdk.hotspot.jre.full.win32.x86_64_17.0.8.v20230801-1951\jre\bin\zip.dll
0x00007ffbfa3f0000 - 0x00007ffbfac06000 	C:\WINDOWS\System32\SHELL32.dll
0x00007ffbf7950000 - 0x00007ffbf823a000 	C:\WINDOWS\SYSTEM32\windows.storage.dll
0x00007ffbf7810000 - 0x00007ffbf794e000 	C:\WINDOWS\SYSTEM32\wintypes.dll
0x00007ffbfc450000 - 0x00007ffbfc543000 	C:\WINDOWS\System32\SHCORE.dll
0x00007ffbfad50000 - 0x00007ffbfadae000 	C:\WINDOWS\System32\shlwapi.dll
0x00007ffbf98a0000 - 0x00007ffbf98c6000 	C:\WINDOWS\SYSTEM32\profapi.dll
0x00007ffbed390000 - 0x00007ffbed3a9000 	C:\Users\Kishore Naidu\.p2\pool\plugins\org.eclipse.justj.openjdk.hotspot.jre.full.win32.x86_64_17.0.8.v20230801-1951\jre\bin\net.dll
0x00007ffbf3df0000 - 0x00007ffbf3f27000 	C:\WINDOWS\SYSTEM32\WINHTTP.dll
0x00007ffbf8f20000 - 0x00007ffbf8f89000 	C:\WINDOWS\system32\mswsock.dll
0x00007ffbed370000 - 0x00007ffbed385000 	C:\Users\Kishore Naidu\.p2\pool\plugins\org.eclipse.justj.openjdk.hotspot.jre.full.win32.x86_64_17.0.8.v20230801-1951\jre\bin\nio.dll

dbghelp: loaded successfully - version: 4.0.5 - missing functions: none
symbol engine: initialized successfully - sym options: 0x614 - pdb path: .;C:\Users\Kishore Naidu\.p2\pool\plugins\org.eclipse.justj.openjdk.hotspot.jre.full.win32.x86_64_17.0.8.v20230801-1951\jre\bin;C:\WINDOWS\SYSTEM32;C:\WINDOWS\WinSxS\amd64_microsoft.windows.common-controls_6595b64144ccf1df_6.0.22621.2070_none_2713e6537381f706;C:\Users\Kishore Naidu\.p2\pool\plugins\org.eclipse.justj.openjdk.hotspot.jre.full.win32.x86_64_17.0.8.v20230801-1951\jre\bin\server

VM Arguments:
jvm_args: -Dfile.encoding=UTF-8 --module-path=C:\Users\Kishore Naidu\eclipse-workspace\first\bin -XX:+ShowCodeDetailsInExceptionMessages -Djdk.module.main=first 
java_command: first/first.ram
java_class_path (initial): <not set>
Launcher Type: SUN_STANDARD

[Global flags]
     intx CICompilerCount                          = 12                                        {product} {ergonomic}
     uint ConcGCThreads                            = 3                                         {product} {ergonomic}
     uint G1ConcRefinementThreads                  = 13                                        {product} {ergonomic}
   size_t G1HeapRegionSize                         = 2097152                                   {product} {ergonomic}
    uintx GCDrainStackTargetSize                   = 64                                        {product} {ergonomic}
   size_t InitialHeapSize                          = 260046848                                 {product} {ergonomic}
   size_t MarkStackSize                            = 4194304                                   {product} {ergonomic}
   size_t MaxHeapSize                              = 4139778048                                {product} {ergonomic}
   size_t MaxNewSize                               = 2483027968                                {product} {ergonomic}
   size_t MinHeapDeltaBytes                        = 2097152                                   {product} {ergonomic}
   size_t MinHeapSize                              = 8388608                                   {product} {ergonomic}
    uintx NonNMethodCodeHeapSize                   = 7602480                                {pd product} {ergonomic}
    uintx NonProfiledCodeHeapSize                  = 122027880                              {pd product} {ergonomic}
    uintx ProfiledCodeHeapSize                     = 122027880                              {pd product} {ergonomic}
    uintx ReservedCodeCacheSize                    = 251658240                              {pd product} {ergonomic}
     bool SegmentedCodeCache                       = true                                      {product} {ergonomic}
     bool ShowCodeDetailsInExceptionMessages       = true                                   {manageable} {command line}
   size_t SoftMaxHeapSize                          = 4139778048                             {manageable} {ergonomic}
     bool UseCompressedClassPointers               = true                           {product lp64_product} {ergonomic}
     bool UseCompressedOops                        = true                           {product lp64_product} {ergonomic}
     bool UseG1GC                                  = true                                      {product} {ergonomic}
     bool UseLargePagesIndividualAllocation        = false                                  {pd product} {ergonomic}

Logging:
Log output configuration:
 #0: stdout all=warning uptime,level,tags
 #1: stderr all=off uptime,level,tags

Environment Variables:
PATH=C:/Users/Kishore Naidu/.p2/pool/plugins/org.eclipse.justj.openjdk.hotspot.jre.full.win32.x86_64_17.0.8.v20230801-1951/jre/bin/server;C:/Users/Kishore Naidu/.p2/pool/plugins/org.eclipse.justj.openjdk.hotspot.jre.full.win32.x86_64_17.0.8.v20230801-1951/jre/bin;C:\Program Files\Python311\Scripts\;C:\Program Files\Python311\;C:\Windows\system32;C:\Windows;C:\Windows\System32\Wbem;C:\Windows\System32\WindowsPowerShell\v1.0\;C:\Windows\System32\OpenSSH\;C:\Program Files (x86)\NVIDIA Corporation\PhysX\Common;C:\Program Files\NVIDIA Corporation\NVIDIA NvDLISR;C:\Program Files\dotnet\;C:\Program Files\PuTTY\;C:\WINDOWS\system32;C:\WINDOWS;C:\WINDOWS\System32\Wbem;C:\WINDOWS\System32\WindowsPowerShell\v1.0\;C:\WINDOWS\System32\OpenSSH\;C:\Users\Kishore Naidu\AppData\Local\Microsoft\WindowsApps;;C:\Users\Kishore Naidu\AppData\Local\Programs\Microsoft VS Code\bin;C:\Users\Kishore Naidu\Desktop;
USERNAME=Kishore Naidu
OS=Windows_NT
PROCESSOR_IDENTIFIER=AMD64 Family 23 Model 96 Stepping 1, AuthenticAMD
TMP=C:\Users\KISHOR~1\AppData\Local\Temp
TEMP=C:\Users\KISHOR~1\AppData\Local\Temp



---------------  S Y S T E M  ---------------

OS:
 Windows 11 , 64 bit Build 22621 (10.0.22621.2070)
OS uptime: 9 days 12:08 hours

CPU: total 16 (initial active 16) (16 cores per cpu, 2 threads per core) family 23 model 96 stepping 1 microcode 0x0, cx8, cmov, fxsr, ht, mmx, 3dnowpref, sse, sse2, sse3, ssse3, sse4a, sse4.1, sse4.2, popcnt, lzcnt, tsc, tscinvbit, avx, avx2, aes, clmul, bmi1, bmi2, adx, sha, fma, vzeroupper, clflush, clflushopt
Processor Information for all 16 processors :
  Max Mhz: 2901, Current Mhz: 2901, Mhz Limit: 2901

Memory: 4k page, system-wide physical 15790M (7563M free)
TotalPageFile size 44827M (AvailPageFile size 5M)
current process WorkingSet (physical memory assigned to process): 39M, peak: 39M
current process commit charge ("private bytes"): 343M, peak: 343M

vm_info: OpenJDK 64-Bit Server VM (17.0.8+7) for windows-amd64 JRE (17.0.8+7), built on Jul 18 2023 21:02:32 by "admin" with MS VC++ 16.7 (VS2019)

END.
